[17:01:48.972] Global cache location '/home/euki/.cache/typescript/4.5', safe file path '/home/euki/.fnm/node-versions/v16.3.0/installation/lib/node_modules/typescript/lib/typingSafeList.json', types map path /home/euki/.fnm/node-versions/v16.3.0/installation/lib/node_modules/typescript/lib/typesMap.json
[17:01:48.973] Processing cache location '/home/euki/.cache/typescript/4.5'
[17:01:48.973] Trying to find '/home/euki/.cache/typescript/4.5/package.json'...
[17:01:48.975] Loaded content of '/home/euki/.cache/typescript/4.5/package.json': {"private":true,"dependencies":{"types-registry":"^0.1.577"},"devDependencies":{"@types/react":"^17.0.38"}}
[17:01:48.975] Loaded content of '/home/euki/.cache/typescript/4.5/package-lock.json'
[17:01:48.994] Adding entry into typings cache: 'react' => '/home/euki/.cache/typescript/4.5/node_modules/@types/react/index.d.ts'
[17:01:48.995] Finished processing cache location '/home/euki/.cache/typescript/4.5'
[17:01:48.995] Process id: 27630
[17:01:48.995] NPM location: /home/euki/.fnm/node-versions/v16.3.0/installation/bin/npm (explicit '--npmLocation' not  provided)
[17:01:48.995] validateDefaultNpmLocation: false
[17:01:48.995] Npm config file: /home/euki/.cache/typescript/4.5/package.json
[17:01:48.995] Updating types-registry npm package...
[17:01:48.995] Exec: /home/euki/.fnm/node-versions/v16.3.0/installation/bin/npm install --ignore-scripts types-registry@latest
[17:01:49.980]     Succeeded. stdout:
    
    up to date, audited 6 packages in 755ms

found 0 vulnerabilities

[17:01:49.980] Updated types-registry npm package
[17:01:52.344] Got install request {"projectName":"/dev/null/inferredProject1*","fileNames":["/home/euki/.fnm/node-versions/v16.3.0/installation/lib/node_modules/typescript/lib/lib.es5.d.ts","/home/euki/.fnm/node-versions/v16.3.0/installation/lib/node_modules/typescript/lib/lib.es2015.d.ts","/home/euki/.fnm/node-versions/v16.3.0/installation/lib/node_modules/typescript/lib/lib.es2016.d.ts","/home/euki/.fnm/node-versions/v16.3.0/installation/lib/node_modules/typescript/lib/lib.dom.d.ts","/home/euki/.fnm/node-versions/v16.3.0/installation/lib/node_modules/typescript/lib/lib.dom.iterable.d.ts","/home/euki/.fnm/node-versions/v16.3.0/installation/lib/node_modules/typescript/lib/lib.webworker.importscripts.d.ts","/home/euki/.fnm/node-versions/v16.3.0/installation/lib/node_modules/typescript/lib/lib.scripthost.d.ts","/home/euki/.fnm/node-versions/v16.3.0/installation/lib/node_modules/typescript/lib/lib.es2015.core.d.ts","/home/euki/.fnm/node-versions/v16.3.0/installation/lib/node_modules/typescript/lib/lib.es2015.collection.d.ts","/home/euki/.fnm/node-versions/v16.3.0/installation/lib/node_modules/typescript/lib/lib.es2015.generator.d.ts","/home/euki/.fnm/node-versions/v16.3.0/installation/lib/node_modules/typescript/lib/lib.es2015.iterable.d.ts","/home/euki/.fnm/node-versions/v16.3.0/installation/lib/node_modules/typescript/lib/lib.es2015.promise.d.ts","/home/euki/.fnm/node-versions/v16.3.0/installation/lib/node_modules/typescript/lib/lib.es2015.proxy.d.ts","/home/euki/.fnm/node-versions/v16.3.0/installation/lib/node_modules/typescript/lib/lib.es2015.reflect.d.ts","/home/euki/.fnm/node-versions/v16.3.0/installation/lib/node_modules/typescript/lib/lib.es2015.symbol.d.ts","/home/euki/.fnm/node-versions/v16.3.0/installation/lib/node_modules/typescript/lib/lib.es2015.symbol.wellknown.d.ts","/home/euki/.fnm/node-versions/v16.3.0/installation/lib/node_modules/typescript/lib/lib.es2016.array.include.d.ts","/home/euki/.fnm/node-versions/v16.3.0/installation/lib/node_modules/typescript/lib/lib.es2016.full.d.ts","/home/euki/Disciplines/Tutorials/nextjs-tutorial/components/layout.js","/home/euki/Disciplines/Tutorials/nextjs-tutorial/pages/index.js"],"compilerOptions":{"module":1,"target":3,"jsx":1,"allowJs":true,"allowSyntheticDefaultImports":true,"allowNonTsExtensions":true,"noEmitForJsFiles":true,"maxNodeModuleJsDepth":2},"typeAcquisition":{"enable":true,"include":[],"exclude":[]},"unresolvedImports":[],"projectRootPath":"/home/euki/Disciplines/Tutorials/nextjs-tutorial/pages","kind":"discover"}
[17:01:52.363] Loaded safelist from types map file '/home/euki/.fnm/node-versions/v16.3.0/installation/lib/node_modules/typescript/lib/typesMap.json'
[17:01:52.363] Explicitly included types: []
[17:01:52.364] Inferred typings from unresolved imports: []
[17:01:52.364] Result: {"cachedTypingPaths":[],"newTypingNames":[],"filesToWatch":["/home/euki/Disciplines/Tutorials/nextjs-tutorial/components/bower_components","/home/euki/Disciplines/Tutorials/nextjs-tutorial/components/node_modules","/home/euki/Disciplines/Tutorials/nextjs-tutorial/pages/bower_components","/home/euki/Disciplines/Tutorials/nextjs-tutorial/pages/node_modules"]}
[17:01:52.364] Finished typings discovery: {"cachedTypingPaths":[],"newTypingNames":[],"filesToWatch":["/home/euki/Disciplines/Tutorials/nextjs-tutorial/components/bower_components","/home/euki/Disciplines/Tutorials/nextjs-tutorial/components/node_modules","/home/euki/Disciplines/Tutorials/nextjs-tutorial/pages/bower_components","/home/euki/Disciplines/Tutorials/nextjs-tutorial/pages/node_modules"]}
[17:01:52.364] DirectoryWatcher:: Added:: WatchInfo: /home/euki/Disciplines/Tutorials/nextjs-tutorial/components/bower_components
[17:01:52.365] DirectoryWatcher:: Added:: WatchInfo: /home/euki/Disciplines/Tutorials/nextjs-tutorial/components/bower_components 1 undefined Project: /dev/null/inferredProject1* watcher already invoked: false
[17:01:52.366] Elapsed:: 1.1652549989521503ms DirectoryWatcher:: Added:: WatchInfo: /home/euki/Disciplines/Tutorials/nextjs-tutorial/components/bower_components 1 undefined Project: /dev/null/inferredProject1* watcher already invoked: false
[17:01:52.366] DirectoryWatcher:: Added:: WatchInfo: /home/euki/Disciplines/Tutorials/nextjs-tutorial/components/node_modules
[17:01:52.366] DirectoryWatcher:: Added:: WatchInfo: /home/euki/Disciplines/Tutorials/nextjs-tutorial/components/node_modules 1 undefined Project: /dev/null/inferredProject1* watcher already invoked: false
[17:01:52.366] Elapsed:: 0.0808279998600483ms DirectoryWatcher:: Added:: WatchInfo: /home/euki/Disciplines/Tutorials/nextjs-tutorial/components/node_modules 1 undefined Project: /dev/null/inferredProject1* watcher already invoked: false
[17:01:52.366] DirectoryWatcher:: Added:: WatchInfo: /home/euki/Disciplines/Tutorials/nextjs-tutorial/pages/bower_components
[17:01:52.366] DirectoryWatcher:: Added:: WatchInfo: /home/euki/Disciplines/Tutorials/nextjs-tutorial/pages/bower_components 1 undefined Project: /dev/null/inferredProject1* watcher already invoked: false
[17:01:52.366] Elapsed:: 0.07661899924278259ms DirectoryWatcher:: Added:: WatchInfo: /home/euki/Disciplines/Tutorials/nextjs-tutorial/pages/bower_components 1 undefined Project: /dev/null/inferredProject1* watcher already invoked: false
[17:01:52.366] DirectoryWatcher:: Added:: WatchInfo: /home/euki/Disciplines/Tutorials/nextjs-tutorial/pages/node_modules
[17:01:52.366] DirectoryWatcher:: Added:: WatchInfo: /home/euki/Disciplines/Tutorials/nextjs-tutorial/pages/node_modules 1 undefined Project: /dev/null/inferredProject1* watcher already invoked: false
[17:01:52.366] Elapsed:: 0.0680140033364296ms DirectoryWatcher:: Added:: WatchInfo: /home/euki/Disciplines/Tutorials/nextjs-tutorial/pages/node_modules 1 undefined Project: /dev/null/inferredProject1* watcher already invoked: false
[17:01:52.367] Sending response:
    {"projectName":"/dev/null/inferredProject1*","typeAcquisition":{"enable":true,"include":[],"exclude":[]},"compilerOptions":{"module":1,"target":3,"jsx":1,"allowJs":true,"allowSyntheticDefaultImports":true,"allowNonTsExtensions":true,"noEmitForJsFiles":true,"maxNodeModuleJsDepth":2},"typings":[],"unresolvedImports":[],"kind":"action::set"}
[17:01:52.367] Response has been sent.
[17:01:52.367] No new typings were requested as a result of typings discovery
[13:43:25.813] Got install request {"projectName":"/dev/null/inferredProject1*","fileNames":["/home/euki/Disciplines/Tutorials/nextjs-tutorial/components/layout.js","/home/euki/Disciplines/Tutorials/nextjs-tutorial/pages/index.js"],"compilerOptions":{"module":1,"target":3,"jsx":1,"allowJs":true,"allowSyntheticDefaultImports":true,"allowNonTsExtensions":true,"noEmitForJsFiles":true,"maxNodeModuleJsDepth":2},"typeAcquisition":{"enable":true,"include":[],"exclude":[]},"unresolvedImports":[],"projectRootPath":"/home/euki/Disciplines/Tutorials/nextjs-tutorial/pages","kind":"discover"}
[13:43:25.822] Explicitly included types: []
[13:43:25.822] Inferred typings from unresolved imports: []
[13:43:25.822] Result: {"cachedTypingPaths":[],"newTypingNames":[],"filesToWatch":["/home/euki/Disciplines/Tutorials/nextjs-tutorial/components/bower_components","/home/euki/Disciplines/Tutorials/nextjs-tutorial/components/node_modules","/home/euki/Disciplines/Tutorials/nextjs-tutorial/pages/bower_components","/home/euki/Disciplines/Tutorials/nextjs-tutorial/pages/node_modules"]}
[13:43:25.822] Finished typings discovery: {"cachedTypingPaths":[],"newTypingNames":[],"filesToWatch":["/home/euki/Disciplines/Tutorials/nextjs-tutorial/components/bower_components","/home/euki/Disciplines/Tutorials/nextjs-tutorial/components/node_modules","/home/euki/Disciplines/Tutorials/nextjs-tutorial/pages/bower_components","/home/euki/Disciplines/Tutorials/nextjs-tutorial/pages/node_modules"]}
[13:43:25.822] Sending response:
    {"projectName":"/dev/null/inferredProject1*","typeAcquisition":{"enable":true,"include":[],"exclude":[]},"compilerOptions":{"module":1,"target":3,"jsx":1,"allowJs":true,"allowSyntheticDefaultImports":true,"allowNonTsExtensions":true,"noEmitForJsFiles":true,"maxNodeModuleJsDepth":2},"typings":[],"unresolvedImports":[],"kind":"action::set"}
[13:43:25.822] Response has been sent.
[13:43:25.823] No new typings were requested as a result of typings discovery
[13:43:40.774] Got install request {"projectName":"/dev/null/inferredProject1*","fileNames":["/home/euki/.fnm/node-versions/v16.3.0/installation/lib/node_modules/typescript/lib/lib.es5.d.ts","/home/euki/.fnm/node-versions/v16.3.0/installation/lib/node_modules/typescript/lib/lib.es2015.d.ts","/home/euki/.fnm/node-versions/v16.3.0/installation/lib/node_modules/typescript/lib/lib.es2016.d.ts","/home/euki/.fnm/node-versions/v16.3.0/installation/lib/node_modules/typescript/lib/lib.dom.d.ts","/home/euki/.fnm/node-versions/v16.3.0/installation/lib/node_modules/typescript/lib/lib.dom.iterable.d.ts","/home/euki/.fnm/node-versions/v16.3.0/installation/lib/node_modules/typescript/lib/lib.webworker.importscripts.d.ts","/home/euki/.fnm/node-versions/v16.3.0/installation/lib/node_modules/typescript/lib/lib.scripthost.d.ts","/home/euki/.fnm/node-versions/v16.3.0/installation/lib/node_modules/typescript/lib/lib.es2015.core.d.ts","/home/euki/.fnm/node-versions/v16.3.0/installation/lib/node_modules/typescript/lib/lib.es2015.collection.d.ts","/home/euki/.fnm/node-versions/v16.3.0/installation/lib/node_modules/typescript/lib/lib.es2015.generator.d.ts","/home/euki/.fnm/node-versions/v16.3.0/installation/lib/node_modules/typescript/lib/lib.es2015.iterable.d.ts","/home/euki/.fnm/node-versions/v16.3.0/installation/lib/node_modules/typescript/lib/lib.es2015.promise.d.ts","/home/euki/.fnm/node-versions/v16.3.0/installation/lib/node_modules/typescript/lib/lib.es2015.proxy.d.ts","/home/euki/.fnm/node-versions/v16.3.0/installation/lib/node_modules/typescript/lib/lib.es2015.reflect.d.ts","/home/euki/.fnm/node-versions/v16.3.0/installation/lib/node_modules/typescript/lib/lib.es2015.symbol.d.ts","/home/euki/.fnm/node-versions/v16.3.0/installation/lib/node_modules/typescript/lib/lib.es2015.symbol.wellknown.d.ts","/home/euki/.fnm/node-versions/v16.3.0/installation/lib/node_modules/typescript/lib/lib.es2016.array.include.d.ts","/home/euki/.fnm/node-versions/v16.3.0/installation/lib/node_modules/typescript/lib/lib.es2016.full.d.ts","/home/euki/Disciplines/Tutorials/nextjs-tutorial/components/layout.js","/home/euki/Disciplines/Tutorials/nextjs-tutorial/pages/index.js"],"compilerOptions":{"module":1,"target":3,"jsx":1,"allowJs":true,"allowSyntheticDefaultImports":true,"allowNonTsExtensions":true,"noEmitForJsFiles":true,"maxNodeModuleJsDepth":2},"typeAcquisition":{"enable":true,"include":[],"exclude":[]},"unresolvedImports":[],"projectRootPath":"/home/euki/Disciplines/Tutorials/nextjs-tutorial/pages","kind":"discover"}
[13:43:40.774] Explicitly included types: []
[13:43:40.774] Inferred typings from unresolved imports: []
[13:43:40.774] Result: {"cachedTypingPaths":[],"newTypingNames":[],"filesToWatch":["/home/euki/Disciplines/Tutorials/nextjs-tutorial/components/bower_components","/home/euki/Disciplines/Tutorials/nextjs-tutorial/components/node_modules","/home/euki/Disciplines/Tutorials/nextjs-tutorial/pages/bower_components","/home/euki/Disciplines/Tutorials/nextjs-tutorial/pages/node_modules"]}
[13:43:40.774] Finished typings discovery: {"cachedTypingPaths":[],"newTypingNames":[],"filesToWatch":["/home/euki/Disciplines/Tutorials/nextjs-tutorial/components/bower_components","/home/euki/Disciplines/Tutorials/nextjs-tutorial/components/node_modules","/home/euki/Disciplines/Tutorials/nextjs-tutorial/pages/bower_components","/home/euki/Disciplines/Tutorials/nextjs-tutorial/pages/node_modules"]}
[13:43:40.775] Sending response:
    {"projectName":"/dev/null/inferredProject1*","typeAcquisition":{"enable":true,"include":[],"exclude":[]},"compilerOptions":{"module":1,"target":3,"jsx":1,"allowJs":true,"allowSyntheticDefaultImports":true,"allowNonTsExtensions":true,"noEmitForJsFiles":true,"maxNodeModuleJsDepth":2},"typings":[],"unresolvedImports":[],"kind":"action::set"}
[13:43:40.775] Response has been sent.
[13:43:40.775] No new typings were requested as a result of typings discovery
[13:50:31.991] Got install request {"projectName":"/dev/null/inferredProject1*","fileNames":["/home/euki/.fnm/node-versions/v16.3.0/installation/lib/node_modules/typescript/lib/lib.es5.d.ts","/home/euki/.fnm/node-versions/v16.3.0/installation/lib/node_modules/typescript/lib/lib.es2015.d.ts","/home/euki/.fnm/node-versions/v16.3.0/installation/lib/node_modules/typescript/lib/lib.es2016.d.ts","/home/euki/.fnm/node-versions/v16.3.0/installation/lib/node_modules/typescript/lib/lib.dom.d.ts","/home/euki/.fnm/node-versions/v16.3.0/installation/lib/node_modules/typescript/lib/lib.dom.iterable.d.ts","/home/euki/.fnm/node-versions/v16.3.0/installation/lib/node_modules/typescript/lib/lib.webworker.importscripts.d.ts","/home/euki/.fnm/node-versions/v16.3.0/installation/lib/node_modules/typescript/lib/lib.scripthost.d.ts","/home/euki/.fnm/node-versions/v16.3.0/installation/lib/node_modules/typescript/lib/lib.es2015.core.d.ts","/home/euki/.fnm/node-versions/v16.3.0/installation/lib/node_modules/typescript/lib/lib.es2015.collection.d.ts","/home/euki/.fnm/node-versions/v16.3.0/installation/lib/node_modules/typescript/lib/lib.es2015.generator.d.ts","/home/euki/.fnm/node-versions/v16.3.0/installation/lib/node_modules/typescript/lib/lib.es2015.iterable.d.ts","/home/euki/.fnm/node-versions/v16.3.0/installation/lib/node_modules/typescript/lib/lib.es2015.promise.d.ts","/home/euki/.fnm/node-versions/v16.3.0/installation/lib/node_modules/typescript/lib/lib.es2015.proxy.d.ts","/home/euki/.fnm/node-versions/v16.3.0/installation/lib/node_modules/typescript/lib/lib.es2015.reflect.d.ts","/home/euki/.fnm/node-versions/v16.3.0/installation/lib/node_modules/typescript/lib/lib.es2015.symbol.d.ts","/home/euki/.fnm/node-versions/v16.3.0/installation/lib/node_modules/typescript/lib/lib.es2015.symbol.wellknown.d.ts","/home/euki/.fnm/node-versions/v16.3.0/installation/lib/node_modules/typescript/lib/lib.es2016.array.include.d.ts","/home/euki/.fnm/node-versions/v16.3.0/installation/lib/node_modules/typescript/lib/lib.es2016.full.d.ts","/home/euki/Disciplines/Tutorials/nextjs-tutorial/components/layout.js","/home/euki/Disciplines/Tutorials/nextjs-tutorial/pages/index.js"],"compilerOptions":{"module":1,"target":3,"jsx":1,"allowJs":true,"allowSyntheticDefaultImports":true,"allowNonTsExtensions":true,"noEmitForJsFiles":true,"maxNodeModuleJsDepth":2},"typeAcquisition":{"enable":true,"include":[],"exclude":[]},"unresolvedImports":[],"projectRootPath":"/home/euki/Disciplines/Tutorials/nextjs-tutorial/pages","kind":"discover"}
[13:50:31.991] Explicitly included types: []
[13:50:31.992] Inferred typings from unresolved imports: []
[13:50:31.992] Result: {"cachedTypingPaths":[],"newTypingNames":[],"filesToWatch":["/home/euki/Disciplines/Tutorials/nextjs-tutorial/components/bower_components","/home/euki/Disciplines/Tutorials/nextjs-tutorial/components/node_modules","/home/euki/Disciplines/Tutorials/nextjs-tutorial/pages/bower_components","/home/euki/Disciplines/Tutorials/nextjs-tutorial/pages/node_modules"]}
[13:50:31.992] Finished typings discovery: {"cachedTypingPaths":[],"newTypingNames":[],"filesToWatch":["/home/euki/Disciplines/Tutorials/nextjs-tutorial/components/bower_components","/home/euki/Disciplines/Tutorials/nextjs-tutorial/components/node_modules","/home/euki/Disciplines/Tutorials/nextjs-tutorial/pages/bower_components","/home/euki/Disciplines/Tutorials/nextjs-tutorial/pages/node_modules"]}
[13:50:31.992] Sending response:
    {"projectName":"/dev/null/inferredProject1*","typeAcquisition":{"enable":true,"include":[],"exclude":[]},"compilerOptions":{"module":1,"target":3,"jsx":1,"allowJs":true,"allowSyntheticDefaultImports":true,"allowNonTsExtensions":true,"noEmitForJsFiles":true,"maxNodeModuleJsDepth":2},"typings":[],"unresolvedImports":[],"kind":"action::set"}
[13:50:31.992] Response has been sent.
[13:50:31.992] No new typings were requested as a result of typings discovery
[13:54:49.580] Got install request {"projectName":"/dev/null/inferredProject1*","fileNames":["/home/euki/Disciplines/Tutorials/nextjs-tutorial/components/layout.js","/home/euki/Disciplines/Tutorials/nextjs-tutorial/pages/index.js"],"compilerOptions":{"module":1,"target":3,"jsx":1,"allowJs":true,"allowSyntheticDefaultImports":true,"allowNonTsExtensions":true,"noEmitForJsFiles":true,"maxNodeModuleJsDepth":2},"typeAcquisition":{"enable":true,"include":[],"exclude":[]},"unresolvedImports":[],"projectRootPath":"/home/euki/Disciplines/Tutorials/nextjs-tutorial/pages","kind":"discover"}
[13:54:49.580] Explicitly included types: []
[13:54:49.580] Inferred typings from unresolved imports: []
[13:54:49.580] Result: {"cachedTypingPaths":[],"newTypingNames":[],"filesToWatch":["/home/euki/Disciplines/Tutorials/nextjs-tutorial/components/bower_components","/home/euki/Disciplines/Tutorials/nextjs-tutorial/components/node_modules","/home/euki/Disciplines/Tutorials/nextjs-tutorial/pages/bower_components","/home/euki/Disciplines/Tutorials/nextjs-tutorial/pages/node_modules"]}
[13:54:49.580] Finished typings discovery: {"cachedTypingPaths":[],"newTypingNames":[],"filesToWatch":["/home/euki/Disciplines/Tutorials/nextjs-tutorial/components/bower_components","/home/euki/Disciplines/Tutorials/nextjs-tutorial/components/node_modules","/home/euki/Disciplines/Tutorials/nextjs-tutorial/pages/bower_components","/home/euki/Disciplines/Tutorials/nextjs-tutorial/pages/node_modules"]}
[13:54:49.580] Sending response:
    {"projectName":"/dev/null/inferredProject1*","typeAcquisition":{"enable":true,"include":[],"exclude":[]},"compilerOptions":{"module":1,"target":3,"jsx":1,"allowJs":true,"allowSyntheticDefaultImports":true,"allowNonTsExtensions":true,"noEmitForJsFiles":true,"maxNodeModuleJsDepth":2},"typings":[],"unresolvedImports":[],"kind":"action::set"}
[13:54:49.580] Response has been sent.
[13:54:49.580] No new typings were requested as a result of typings discovery
[13:55:00.837] Got install request {"projectName":"/dev/null/inferredProject1*","fileNames":["/home/euki/.fnm/node-versions/v16.3.0/installation/lib/node_modules/typescript/lib/lib.es5.d.ts","/home/euki/.fnm/node-versions/v16.3.0/installation/lib/node_modules/typescript/lib/lib.es2015.d.ts","/home/euki/.fnm/node-versions/v16.3.0/installation/lib/node_modules/typescript/lib/lib.es2016.d.ts","/home/euki/.fnm/node-versions/v16.3.0/installation/lib/node_modules/typescript/lib/lib.dom.d.ts","/home/euki/.fnm/node-versions/v16.3.0/installation/lib/node_modules/typescript/lib/lib.dom.iterable.d.ts","/home/euki/.fnm/node-versions/v16.3.0/installation/lib/node_modules/typescript/lib/lib.webworker.importscripts.d.ts","/home/euki/.fnm/node-versions/v16.3.0/installation/lib/node_modules/typescript/lib/lib.scripthost.d.ts","/home/euki/.fnm/node-versions/v16.3.0/installation/lib/node_modules/typescript/lib/lib.es2015.core.d.ts","/home/euki/.fnm/node-versions/v16.3.0/installation/lib/node_modules/typescript/lib/lib.es2015.collection.d.ts","/home/euki/.fnm/node-versions/v16.3.0/installation/lib/node_modules/typescript/lib/lib.es2015.generator.d.ts","/home/euki/.fnm/node-versions/v16.3.0/installation/lib/node_modules/typescript/lib/lib.es2015.iterable.d.ts","/home/euki/.fnm/node-versions/v16.3.0/installation/lib/node_modules/typescript/lib/lib.es2015.promise.d.ts","/home/euki/.fnm/node-versions/v16.3.0/installation/lib/node_modules/typescript/lib/lib.es2015.proxy.d.ts","/home/euki/.fnm/node-versions/v16.3.0/installation/lib/node_modules/typescript/lib/lib.es2015.reflect.d.ts","/home/euki/.fnm/node-versions/v16.3.0/installation/lib/node_modules/typescript/lib/lib.es2015.symbol.d.ts","/home/euki/.fnm/node-versions/v16.3.0/installation/lib/node_modules/typescript/lib/lib.es2015.symbol.wellknown.d.ts","/home/euki/.fnm/node-versions/v16.3.0/installation/lib/node_modules/typescript/lib/lib.es2016.array.include.d.ts","/home/euki/.fnm/node-versions/v16.3.0/installation/lib/node_modules/typescript/lib/lib.es2016.full.d.ts","/home/euki/Disciplines/Tutorials/nextjs-tutorial/components/layout.js","/home/euki/Disciplines/Tutorials/nextjs-tutorial/pages/index.js"],"compilerOptions":{"module":1,"target":3,"jsx":1,"allowJs":true,"allowSyntheticDefaultImports":true,"allowNonTsExtensions":true,"noEmitForJsFiles":true,"maxNodeModuleJsDepth":2},"typeAcquisition":{"enable":true,"include":[],"exclude":[]},"unresolvedImports":[],"projectRootPath":"/home/euki/Disciplines/Tutorials/nextjs-tutorial/pages","kind":"discover"}
[13:55:00.837] Explicitly included types: []
[13:55:00.837] Inferred typings from unresolved imports: []
[13:55:00.837] Result: {"cachedTypingPaths":[],"newTypingNames":[],"filesToWatch":["/home/euki/Disciplines/Tutorials/nextjs-tutorial/components/bower_components","/home/euki/Disciplines/Tutorials/nextjs-tutorial/components/node_modules","/home/euki/Disciplines/Tutorials/nextjs-tutorial/pages/bower_components","/home/euki/Disciplines/Tutorials/nextjs-tutorial/pages/node_modules"]}
[13:55:00.837] Finished typings discovery: {"cachedTypingPaths":[],"newTypingNames":[],"filesToWatch":["/home/euki/Disciplines/Tutorials/nextjs-tutorial/components/bower_components","/home/euki/Disciplines/Tutorials/nextjs-tutorial/components/node_modules","/home/euki/Disciplines/Tutorials/nextjs-tutorial/pages/bower_components","/home/euki/Disciplines/Tutorials/nextjs-tutorial/pages/node_modules"]}
[13:55:00.838] Sending response:
    {"projectName":"/dev/null/inferredProject1*","typeAcquisition":{"enable":true,"include":[],"exclude":[]},"compilerOptions":{"module":1,"target":3,"jsx":1,"allowJs":true,"allowSyntheticDefaultImports":true,"allowNonTsExtensions":true,"noEmitForJsFiles":true,"maxNodeModuleJsDepth":2},"typings":[],"unresolvedImports":[],"kind":"action::set"}
[13:55:00.838] Response has been sent.
[13:55:00.838] No new typings were requested as a result of typings discovery
[13:56:00.711] Got install request {"projectName":"/dev/null/inferredProject1*","fileNames":["/home/euki/Disciplines/Tutorials/nextjs-tutorial/components/layout.js","/home/euki/Disciplines/Tutorials/nextjs-tutorial/pages/index.js"],"compilerOptions":{"module":1,"target":3,"jsx":1,"allowJs":true,"allowSyntheticDefaultImports":true,"allowNonTsExtensions":true,"noEmitForJsFiles":true,"maxNodeModuleJsDepth":2},"typeAcquisition":{"enable":true,"include":[],"exclude":[]},"unresolvedImports":[],"projectRootPath":"/home/euki/Disciplines/Tutorials/nextjs-tutorial/pages","kind":"discover"}
[13:56:00.711] Explicitly included types: []
[13:56:00.711] Inferred typings from unresolved imports: []
[13:56:00.711] Result: {"cachedTypingPaths":[],"newTypingNames":[],"filesToWatch":["/home/euki/Disciplines/Tutorials/nextjs-tutorial/components/bower_components","/home/euki/Disciplines/Tutorials/nextjs-tutorial/components/node_modules","/home/euki/Disciplines/Tutorials/nextjs-tutorial/pages/bower_components","/home/euki/Disciplines/Tutorials/nextjs-tutorial/pages/node_modules"]}
[13:56:00.711] Finished typings discovery: {"cachedTypingPaths":[],"newTypingNames":[],"filesToWatch":["/home/euki/Disciplines/Tutorials/nextjs-tutorial/components/bower_components","/home/euki/Disciplines/Tutorials/nextjs-tutorial/components/node_modules","/home/euki/Disciplines/Tutorials/nextjs-tutorial/pages/bower_components","/home/euki/Disciplines/Tutorials/nextjs-tutorial/pages/node_modules"]}
[13:56:00.712] Sending response:
    {"projectName":"/dev/null/inferredProject1*","typeAcquisition":{"enable":true,"include":[],"exclude":[]},"compilerOptions":{"module":1,"target":3,"jsx":1,"allowJs":true,"allowSyntheticDefaultImports":true,"allowNonTsExtensions":true,"noEmitForJsFiles":true,"maxNodeModuleJsDepth":2},"typings":[],"unresolvedImports":[],"kind":"action::set"}
[13:56:00.712] Response has been sent.
[13:56:00.712] No new typings were requested as a result of typings discovery
[13:56:12.827] Got install request {"projectName":"/dev/null/inferredProject1*","fileNames":["/home/euki/.fnm/node-versions/v16.3.0/installation/lib/node_modules/typescript/lib/lib.es5.d.ts","/home/euki/.fnm/node-versions/v16.3.0/installation/lib/node_modules/typescript/lib/lib.es2015.d.ts","/home/euki/.fnm/node-versions/v16.3.0/installation/lib/node_modules/typescript/lib/lib.es2016.d.ts","/home/euki/.fnm/node-versions/v16.3.0/installation/lib/node_modules/typescript/lib/lib.dom.d.ts","/home/euki/.fnm/node-versions/v16.3.0/installation/lib/node_modules/typescript/lib/lib.dom.iterable.d.ts","/home/euki/.fnm/node-versions/v16.3.0/installation/lib/node_modules/typescript/lib/lib.webworker.importscripts.d.ts","/home/euki/.fnm/node-versions/v16.3.0/installation/lib/node_modules/typescript/lib/lib.scripthost.d.ts","/home/euki/.fnm/node-versions/v16.3.0/installation/lib/node_modules/typescript/lib/lib.es2015.core.d.ts","/home/euki/.fnm/node-versions/v16.3.0/installation/lib/node_modules/typescript/lib/lib.es2015.collection.d.ts","/home/euki/.fnm/node-versions/v16.3.0/installation/lib/node_modules/typescript/lib/lib.es2015.generator.d.ts","/home/euki/.fnm/node-versions/v16.3.0/installation/lib/node_modules/typescript/lib/lib.es2015.iterable.d.ts","/home/euki/.fnm/node-versions/v16.3.0/installation/lib/node_modules/typescript/lib/lib.es2015.promise.d.ts","/home/euki/.fnm/node-versions/v16.3.0/installation/lib/node_modules/typescript/lib/lib.es2015.proxy.d.ts","/home/euki/.fnm/node-versions/v16.3.0/installation/lib/node_modules/typescript/lib/lib.es2015.reflect.d.ts","/home/euki/.fnm/node-versions/v16.3.0/installation/lib/node_modules/typescript/lib/lib.es2015.symbol.d.ts","/home/euki/.fnm/node-versions/v16.3.0/installation/lib/node_modules/typescript/lib/lib.es2015.symbol.wellknown.d.ts","/home/euki/.fnm/node-versions/v16.3.0/installation/lib/node_modules/typescript/lib/lib.es2016.array.include.d.ts","/home/euki/.fnm/node-versions/v16.3.0/installation/lib/node_modules/typescript/lib/lib.es2016.full.d.ts","/home/euki/Disciplines/Tutorials/nextjs-tutorial/components/layout.js","/home/euki/Disciplines/Tutorials/nextjs-tutorial/pages/index.js"],"compilerOptions":{"module":1,"target":3,"jsx":1,"allowJs":true,"allowSyntheticDefaultImports":true,"allowNonTsExtensions":true,"noEmitForJsFiles":true,"maxNodeModuleJsDepth":2},"typeAcquisition":{"enable":true,"include":[],"exclude":[]},"unresolvedImports":[],"projectRootPath":"/home/euki/Disciplines/Tutorials/nextjs-tutorial/pages","kind":"discover"}
[13:56:12.827] Explicitly included types: []
[13:56:12.827] Inferred typings from unresolved imports: []
[13:56:12.827] Result: {"cachedTypingPaths":[],"newTypingNames":[],"filesToWatch":["/home/euki/Disciplines/Tutorials/nextjs-tutorial/components/bower_components","/home/euki/Disciplines/Tutorials/nextjs-tutorial/components/node_modules","/home/euki/Disciplines/Tutorials/nextjs-tutorial/pages/bower_components","/home/euki/Disciplines/Tutorials/nextjs-tutorial/pages/node_modules"]}
[13:56:12.828] Finished typings discovery: {"cachedTypingPaths":[],"newTypingNames":[],"filesToWatch":["/home/euki/Disciplines/Tutorials/nextjs-tutorial/components/bower_components","/home/euki/Disciplines/Tutorials/nextjs-tutorial/components/node_modules","/home/euki/Disciplines/Tutorials/nextjs-tutorial/pages/bower_components","/home/euki/Disciplines/Tutorials/nextjs-tutorial/pages/node_modules"]}
[13:56:12.828] Sending response:
    {"projectName":"/dev/null/inferredProject1*","typeAcquisition":{"enable":true,"include":[],"exclude":[]},"compilerOptions":{"module":1,"target":3,"jsx":1,"allowJs":true,"allowSyntheticDefaultImports":true,"allowNonTsExtensions":true,"noEmitForJsFiles":true,"maxNodeModuleJsDepth":2},"typings":[],"unresolvedImports":[],"kind":"action::set"}
[13:56:12.828] Response has been sent.
[13:56:12.828] No new typings were requested as a result of typings discovery
[17:46:35.905] Parent process has exited, shutting down...
