[14:24:00.692] Global cache location '/home/euki/.cache/typescript/4.5', safe file path '/home/euki/.fnm/node-versions/v16.3.0/installation/lib/node_modules/typescript/lib/typingSafeList.json', types map path /home/euki/.fnm/node-versions/v16.3.0/installation/lib/node_modules/typescript/lib/typesMap.json
[14:24:00.693] Processing cache location '/home/euki/.cache/typescript/4.5'
[14:24:00.693] Trying to find '/home/euki/.cache/typescript/4.5/package.json'...
[14:24:00.696] Loaded content of '/home/euki/.cache/typescript/4.5/package.json': {"private":true,"dependencies":{"types-registry":"^0.1.578"},"devDependencies":{"@types/argparse":"^2.0.10","@types/aria-query":"^5.0.0","@types/array.prototype.flat":"^1.2.1","@types/array.prototype.flatmap":"^1.2.2","@types/atob":"^2.1.2","@types/balanced-match":"^1.0.2","@types/brace-expansion":"^1.1.0","@types/braces":"^3.0.1","@types/bser":"^2.0.1","@types/buffer-from":"^1.1.0","@types/call-bind":"^1.0.0","@types/caniuse-lite":"^1.0.1","@types/co":"^4.6.3","@types/color-convert":"^2.0.0","@types/color-name":"^1.1.1","@types/combined-stream":"^1.0.3","@types/concat-map":"^0.0.1","@types/convert-source-map":"^1.5.2","@types/cross-spawn":"^6.0.2","@types/css":"^0.0.33","@types/cssom":"^0.4.1","@types/cssstyle":"^2.2.1","@types/damerau-levenshtein":"^1.0.0","@types/data-urls":"^2.0.1","@types/debug":"^4.1.7","@types/decode-uri-component":"^0.2.0","@types/dedent":"^0.7.0","@types/define-properties":"^1.1.3","@types/dir-glob":"^2.0.1","@types/doctrine":"^0.0.5","@types/domexception":"^2.0.1","@types/es-abstract":"^1.17.3","@types/es-to-primitive":"^1.2.4","@types/escodegen":"^0.0.7","@types/eslint":"^8.4.1","@types/eslint-scope":"^3.7.3","@types/eslint-utils":"^3.0.1","@types/eslint-visitor-keys":"^1.0.0","@types/esprima":"^4.0.3","@types/esquery":"^1.0.2","@types/estraverse":"^5.1.1","@types/esutils":"^2.0.0","@types/exit":"^0.1.31","@types/fast-levenshtein":"^0.0.2","@types/fb-watchman":"^2.0.1","@types/file-entry-cache":"^5.0.2","@types/fill-range":"^7.0.0","@types/flat-cache":"^2.0.0","@types/function-bind":"^1.1.6","@types/functional-red-black-tree":"^1.0.1","@types/get-intrinsic":"^1.0.0","@types/glob":"^7.2.0","@types/glob-parent":"^5.1.1","@types/graceful-fs":"^4.1.5","@types/has":"^1.0.0","@types/has-symbols":"^1.0.0","@types/html-encoding-sniffer":"^2.0.2","@types/html-escaper":"^3.0.0","@types/imurmurhash":"^0.1.1","@types/inherits":"^0.0.30","@types/internal-slot":"^1.0.1","@types/is-bigint":"^1.0.0","@types/is-boolean-object":"^1.1.0","@types/is-callable":"^1.1.0","@types/is-core-module":"^2.2.0","@types/is-date-object":"^1.0.2","@types/is-glob":"^4.0.2","@types/is-number":"^7.0.2","@types/is-regex":"^1.0.0","@types/is-string":"^1.0.0","@types/is-typedarray":"^1.0.0","@types/isexe":"^2.0.1","@types/istanbul-lib-coverage":"^2.0.4","@types/istanbul-lib-instrument":"^1.7.4","@types/istanbul-lib-report":"^3.0.0","@types/istanbul-lib-source-maps":"^4.0.1","@types/istanbul-reports":"^3.0.1","@types/js-yaml":"^4.0.5","@types/jsdom":"^16.2.14","@types/jsesc":"^3.0.1","@types/language-tags":"^1.0.0","@types/lodash":"^4.14.178","@types/lodash.merge":"^4.6.6","@types/lru-cache":"^5.1.1","@types/lz-string":"^1.3.34","@types/merge-stream":"^1.1.2","@types/merge2":"^1.3.1","@types/micromatch":"^4.0.2","@types/mime-db":"^1.43.1","@types/mime-types":"^2.1.1","@types/min-indent":"^1.0.0","@types/minimatch":"^3.0.5","@types/minimist":"^1.2.2","@types/ms":"^0.7.31","@types/natural-compare":"^1.4.1","@types/node-int64":"^0.4.29","@types/normalize-path":"^3.0.0","@types/nwsapi":"^2.2.2","@types/object-assign":"^4.0.30","@types/object-inspect":"^1.8.1","@types/object-keys":"^1.0.1","@types/object.fromentries":"^2.0.1","@types/once":"^1.4.0","@types/parse5":"^6.0.3","@types/path-is-absolute":"^1.0.0","@types/path-parse":"^1.0.19","@types/picomatch":"^2.3.0","@types/prelude-ls":"^1.1.29","@types/prettier":"^2.4.3","@types/prompts":"^2.0.14","@types/prop-types":"^15.7.4","@types/psl":"^1.1.0","@types/punycode":"^2.1.0","@types/react":"^17.0.38","@types/react-dom":"^17.0.11","@types/react-is":"^17.0.3","@types/regenerator-runtime":"^0.13.1","@types/require-directory":"^2.1.2","@types/resolve":"^1.20.1","@types/rimraf":"^3.0.2","@types/run-parallel":"^1.1.0","@types/safer-buffer":"^2.1.0","@types/scheduler":"^0.16.2","@types/semver":"^7.3.9","@types/shebang-command":"^1.2.0","@types/signal-exit":"^3.0.1","@types/source-map-support":"^0.5.4","@types/sprintf":"^0.1.0","@types/sprintf-js":"^1.1.2","@types/stack-utils":"^2.0.1","@types/string.prototype.matchall":"^4.0.1","@types/strip-final-newline":"^3.0.0","@types/supports-color":"^8.1.1","@types/symbol-tree":"^3.2.2","@types/testing-library__jest-dom":"^5.14.2","@types/text-table":"^0.2.2","@types/tmpl":"^1.0.0","@types/to-regex-range":"^5.0.0","@types/tough-cookie":"^4.0.1","@types/type-check":"^0.3.27","@types/type-detect":"^4.0.1","@types/universalify":"^1.0.0","@types/use-subscription":"^1.0.0","@types/w3c-hr-time":"^1.0.0","@types/w3c-xmlserializer":"^2.0.2","@types/webidl-conversions":"^6.1.1","@types/whatwg-encoding":"^1.0.0","@types/whatwg-mimetype":"^2.1.1","@types/whatwg-url":"^8.2.1","@types/which":"^2.0.1","@types/wrap-ansi":"^8.0.1","@types/write-file-atomic":"^3.0.3","@types/ws":"^8.2.2","@types/yallist":"^4.0.1","@types/yargs":"^17.0.8","@types/yargs-parser":"^20.2.1"}}
[14:24:00.696] Loaded content of '/home/euki/.cache/typescript/4.5/package-lock.json'
[14:24:00.711] Adding entry into typings cache: 'argparse' => '/home/euki/.cache/typescript/4.5/node_modules/@types/argparse/index.d.ts'
[14:24:00.713] Adding entry into typings cache: 'aria-query' => '/home/euki/.cache/typescript/4.5/node_modules/@types/aria-query/index.d.ts'
[14:24:00.715] Adding entry into typings cache: 'array.prototype.flat' => '/home/euki/.cache/typescript/4.5/node_modules/@types/array.prototype.flat/index.d.ts'
[14:24:00.717] Adding entry into typings cache: 'array.prototype.flatmap' => '/home/euki/.cache/typescript/4.5/node_modules/@types/array.prototype.flatmap/index.d.ts'
[14:24:00.719] Adding entry into typings cache: 'atob' => '/home/euki/.cache/typescript/4.5/node_modules/@types/atob/index.d.ts'
[14:24:00.721] Adding entry into typings cache: 'balanced-match' => '/home/euki/.cache/typescript/4.5/node_modules/@types/balanced-match/index.d.ts'
[14:24:00.723] Adding entry into typings cache: 'brace-expansion' => '/home/euki/.cache/typescript/4.5/node_modules/@types/brace-expansion/index.d.ts'
[14:24:00.725] Adding entry into typings cache: 'braces' => '/home/euki/.cache/typescript/4.5/node_modules/@types/braces/index.d.ts'
[14:24:00.727] Adding entry into typings cache: 'bser' => '/home/euki/.cache/typescript/4.5/node_modules/@types/bser/index.d.ts'
[14:24:00.728] Adding entry into typings cache: 'buffer-from' => '/home/euki/.cache/typescript/4.5/node_modules/@types/buffer-from/index.d.ts'
[14:24:00.731] Adding entry into typings cache: 'call-bind' => '/home/euki/.cache/typescript/4.5/node_modules/@types/call-bind/index.d.ts'
[14:24:00.733] Adding entry into typings cache: 'caniuse-lite' => '/home/euki/.cache/typescript/4.5/node_modules/@types/caniuse-lite/index.d.ts'
[14:24:00.735] Adding entry into typings cache: 'co' => '/home/euki/.cache/typescript/4.5/node_modules/@types/co/index.d.ts'
[14:24:00.739] Adding entry into typings cache: 'color-convert' => '/home/euki/.cache/typescript/4.5/node_modules/@types/color-convert/index.d.ts'
[14:24:00.742] Adding entry into typings cache: 'color-name' => '/home/euki/.cache/typescript/4.5/node_modules/@types/color-name/index.d.ts'
[14:24:00.744] Adding entry into typings cache: 'combined-stream' => '/home/euki/.cache/typescript/4.5/node_modules/@types/combined-stream/index.d.ts'
[14:24:00.746] Adding entry into typings cache: 'concat-map' => '/home/euki/.cache/typescript/4.5/node_modules/@types/concat-map/index.d.ts'
[14:24:00.748] Adding entry into typings cache: 'convert-source-map' => '/home/euki/.cache/typescript/4.5/node_modules/@types/convert-source-map/index.d.ts'
[14:24:00.749] Adding entry into typings cache: 'cross-spawn' => '/home/euki/.cache/typescript/4.5/node_modules/@types/cross-spawn/index.d.ts'
[14:24:00.752] Adding entry into typings cache: 'css' => '/home/euki/.cache/typescript/4.5/node_modules/@types/css/index.d.ts'
[14:24:00.753] Adding entry into typings cache: 'cssom' => '/home/euki/.cache/typescript/4.5/node_modules/@types/cssom/index.d.ts'
[14:24:00.755] Adding entry into typings cache: 'cssstyle' => '/home/euki/.cache/typescript/4.5/node_modules/@types/cssstyle/index.d.ts'
[14:24:00.756] Adding entry into typings cache: 'damerau-levenshtein' => '/home/euki/.cache/typescript/4.5/node_modules/@types/damerau-levenshtein/index.d.ts'
[14:24:00.758] Adding entry into typings cache: 'data-urls' => '/home/euki/.cache/typescript/4.5/node_modules/@types/data-urls/index.d.ts'
[14:24:00.760] Adding entry into typings cache: 'debug' => '/home/euki/.cache/typescript/4.5/node_modules/@types/debug/index.d.ts'
[14:24:00.762] Adding entry into typings cache: 'decode-uri-component' => '/home/euki/.cache/typescript/4.5/node_modules/@types/decode-uri-component/index.d.ts'
[14:24:00.763] Adding entry into typings cache: 'dedent' => '/home/euki/.cache/typescript/4.5/node_modules/@types/dedent/index.d.ts'
[14:24:00.767] Adding entry into typings cache: 'define-properties' => '/home/euki/.cache/typescript/4.5/node_modules/@types/define-properties/index.d.ts'
[14:24:00.768] Adding entry into typings cache: 'dir-glob' => '/home/euki/.cache/typescript/4.5/node_modules/@types/dir-glob/index.d.ts'
[14:24:00.770] Adding entry into typings cache: 'doctrine' => '/home/euki/.cache/typescript/4.5/node_modules/@types/doctrine/index.d.ts'
[14:24:00.772] Adding entry into typings cache: 'domexception' => '/home/euki/.cache/typescript/4.5/node_modules/@types/domexception/index.d.ts'
[14:24:00.774] Adding entry into typings cache: 'es-abstract' => '/home/euki/.cache/typescript/4.5/node_modules/@types/es-abstract/index.d.ts'
[14:24:00.775] Adding entry into typings cache: 'es-to-primitive' => '/home/euki/.cache/typescript/4.5/node_modules/@types/es-to-primitive/index.d.ts'
[14:24:00.776] Adding entry into typings cache: 'escodegen' => '/home/euki/.cache/typescript/4.5/node_modules/@types/escodegen/index.d.ts'
[14:24:00.779] Adding entry into typings cache: 'eslint' => '/home/euki/.cache/typescript/4.5/node_modules/@types/eslint/index.d.ts'
[14:24:00.780] Adding entry into typings cache: 'eslint-scope' => '/home/euki/.cache/typescript/4.5/node_modules/@types/eslint-scope/index.d.ts'
[14:24:00.782] Adding entry into typings cache: 'eslint-utils' => '/home/euki/.cache/typescript/4.5/node_modules/@types/eslint-utils/index.d.ts'
[14:24:00.783] Adding entry into typings cache: 'eslint-visitor-keys' => '/home/euki/.cache/typescript/4.5/node_modules/@types/eslint-visitor-keys/index.d.ts'
[14:24:00.785] Adding entry into typings cache: 'esprima' => '/home/euki/.cache/typescript/4.5/node_modules/@types/esprima/index.d.ts'
[14:24:00.786] Adding entry into typings cache: 'esquery' => '/home/euki/.cache/typescript/4.5/node_modules/@types/esquery/index.d.ts'
[14:24:00.788] Adding entry into typings cache: 'estraverse' => '/home/euki/.cache/typescript/4.5/node_modules/@types/estraverse/index.d.ts'
[14:24:00.789] Adding entry into typings cache: 'esutils' => '/home/euki/.cache/typescript/4.5/node_modules/@types/esutils/index.d.ts'
[14:24:00.790] Adding entry into typings cache: 'exit' => '/home/euki/.cache/typescript/4.5/node_modules/@types/exit/index.d.ts'
[14:24:00.791] Adding entry into typings cache: 'fast-levenshtein' => '/home/euki/.cache/typescript/4.5/node_modules/@types/fast-levenshtein/index.d.ts'
[14:24:00.793] Adding entry into typings cache: 'fb-watchman' => '/home/euki/.cache/typescript/4.5/node_modules/@types/fb-watchman/index.d.ts'
[14:24:00.794] Adding entry into typings cache: 'file-entry-cache' => '/home/euki/.cache/typescript/4.5/node_modules/@types/file-entry-cache/index.d.ts'
[14:24:00.795] Adding entry into typings cache: 'fill-range' => '/home/euki/.cache/typescript/4.5/node_modules/@types/fill-range/index.d.ts'
[14:24:00.797] Adding entry into typings cache: 'flat-cache' => '/home/euki/.cache/typescript/4.5/node_modules/@types/flat-cache/index.d.ts'
[14:24:00.798] Adding entry into typings cache: 'function-bind' => '/home/euki/.cache/typescript/4.5/node_modules/@types/function-bind/index.d.ts'
[14:24:00.800] Adding entry into typings cache: 'functional-red-black-tree' => '/home/euki/.cache/typescript/4.5/node_modules/@types/functional-red-black-tree/index.d.ts'
[14:24:00.801] Adding entry into typings cache: 'get-intrinsic' => '/home/euki/.cache/typescript/4.5/node_modules/@types/get-intrinsic/index.d.ts'
[14:24:00.803] Adding entry into typings cache: 'glob' => '/home/euki/.cache/typescript/4.5/node_modules/@types/glob/index.d.ts'
[14:24:00.804] Adding entry into typings cache: 'glob-parent' => '/home/euki/.cache/typescript/4.5/node_modules/@types/glob-parent/index.d.ts'
[14:24:00.805] Adding entry into typings cache: 'graceful-fs' => '/home/euki/.cache/typescript/4.5/node_modules/@types/graceful-fs/index.d.ts'
[14:24:00.807] Adding entry into typings cache: 'has' => '/home/euki/.cache/typescript/4.5/node_modules/@types/has/index.d.ts'
[14:24:00.808] Adding entry into typings cache: 'has-symbols' => '/home/euki/.cache/typescript/4.5/node_modules/@types/has-symbols/index.d.ts'
[14:24:00.810] Adding entry into typings cache: 'html-encoding-sniffer' => '/home/euki/.cache/typescript/4.5/node_modules/@types/html-encoding-sniffer/index.d.ts'
[14:24:00.812] Adding entry into typings cache: 'html-escaper' => '/home/euki/.cache/typescript/4.5/node_modules/@types/html-escaper/index.d.ts'
[14:24:00.813] Adding entry into typings cache: 'imurmurhash' => '/home/euki/.cache/typescript/4.5/node_modules/@types/imurmurhash/index.d.ts'
[14:24:00.814] Adding entry into typings cache: 'inherits' => '/home/euki/.cache/typescript/4.5/node_modules/@types/inherits/index.d.ts'
[14:24:00.816] Adding entry into typings cache: 'internal-slot' => '/home/euki/.cache/typescript/4.5/node_modules/@types/internal-slot/index.d.ts'
[14:24:00.817] Adding entry into typings cache: 'is-bigint' => '/home/euki/.cache/typescript/4.5/node_modules/@types/is-bigint/index.d.ts'
[14:24:00.819] Adding entry into typings cache: 'is-boolean-object' => '/home/euki/.cache/typescript/4.5/node_modules/@types/is-boolean-object/index.d.ts'
[14:24:00.820] Adding entry into typings cache: 'is-callable' => '/home/euki/.cache/typescript/4.5/node_modules/@types/is-callable/index.d.ts'
[14:24:00.821] Adding entry into typings cache: 'is-core-module' => '/home/euki/.cache/typescript/4.5/node_modules/@types/is-core-module/index.d.ts'
[14:24:00.822] Adding entry into typings cache: 'is-date-object' => '/home/euki/.cache/typescript/4.5/node_modules/@types/is-date-object/index.d.ts'
[14:24:00.823] Adding entry into typings cache: 'is-glob' => '/home/euki/.cache/typescript/4.5/node_modules/@types/is-glob/index.d.ts'
[14:24:00.825] Adding entry into typings cache: 'is-number' => '/home/euki/.cache/typescript/4.5/node_modules/@types/is-number/index.d.ts'
[14:24:00.826] Adding entry into typings cache: 'is-regex' => '/home/euki/.cache/typescript/4.5/node_modules/@types/is-regex/index.d.ts'
[14:24:00.827] Adding entry into typings cache: 'is-string' => '/home/euki/.cache/typescript/4.5/node_modules/@types/is-string/index.d.ts'
[14:24:00.828] Adding entry into typings cache: 'is-typedarray' => '/home/euki/.cache/typescript/4.5/node_modules/@types/is-typedarray/index.d.ts'
[14:24:00.830] Adding entry into typings cache: 'isexe' => '/home/euki/.cache/typescript/4.5/node_modules/@types/isexe/index.d.ts'
[14:24:00.831] Adding entry into typings cache: 'istanbul-lib-coverage' => '/home/euki/.cache/typescript/4.5/node_modules/@types/istanbul-lib-coverage/index.d.ts'
[14:24:00.832] Adding entry into typings cache: 'istanbul-lib-instrument' => '/home/euki/.cache/typescript/4.5/node_modules/@types/istanbul-lib-instrument/index.d.ts'
[14:24:00.834] Adding entry into typings cache: 'istanbul-lib-report' => '/home/euki/.cache/typescript/4.5/node_modules/@types/istanbul-lib-report/index.d.ts'
[14:24:00.835] Adding entry into typings cache: 'istanbul-lib-source-maps' => '/home/euki/.cache/typescript/4.5/node_modules/@types/istanbul-lib-source-maps/index.d.ts'
[14:24:00.836] Adding entry into typings cache: 'istanbul-reports' => '/home/euki/.cache/typescript/4.5/node_modules/@types/istanbul-reports/index.d.ts'
[14:24:00.840] Adding entry into typings cache: 'js-yaml' => '/home/euki/.cache/typescript/4.5/node_modules/@types/js-yaml/index.d.ts'
[14:24:00.842] Adding entry into typings cache: 'jsdom' => '/home/euki/.cache/typescript/4.5/node_modules/@types/jsdom/index.d.ts'
[14:24:00.843] Adding entry into typings cache: 'jsesc' => '/home/euki/.cache/typescript/4.5/node_modules/@types/jsesc/index.d.ts'
[14:24:00.844] Adding entry into typings cache: 'language-tags' => '/home/euki/.cache/typescript/4.5/node_modules/@types/language-tags/index.d.ts'
[14:24:00.848] Adding entry into typings cache: 'lodash' => '/home/euki/.cache/typescript/4.5/node_modules/@types/lodash/index.d.ts'
[14:24:00.850] Adding entry into typings cache: 'lodash.merge' => '/home/euki/.cache/typescript/4.5/node_modules/@types/lodash.merge/index.d.ts'
[14:24:00.851] Adding entry into typings cache: 'lru-cache' => '/home/euki/.cache/typescript/4.5/node_modules/@types/lru-cache/index.d.ts'
[14:24:00.852] Adding entry into typings cache: 'lz-string' => '/home/euki/.cache/typescript/4.5/node_modules/@types/lz-string/index.d.ts'
[14:24:00.853] Adding entry into typings cache: 'merge-stream' => '/home/euki/.cache/typescript/4.5/node_modules/@types/merge-stream/index.d.ts'
[14:24:00.855] Adding entry into typings cache: 'merge2' => '/home/euki/.cache/typescript/4.5/node_modules/@types/merge2/index.d.ts'
[14:24:00.856] Adding entry into typings cache: 'micromatch' => '/home/euki/.cache/typescript/4.5/node_modules/@types/micromatch/index.d.ts'
[14:24:00.857] Adding entry into typings cache: 'mime-db' => '/home/euki/.cache/typescript/4.5/node_modules/@types/mime-db/index.d.ts'
[14:24:00.858] Adding entry into typings cache: 'mime-types' => '/home/euki/.cache/typescript/4.5/node_modules/@types/mime-types/index.d.ts'
[14:24:00.859] Adding entry into typings cache: 'min-indent' => '/home/euki/.cache/typescript/4.5/node_modules/@types/min-indent/index.d.ts'
[14:24:00.860] Adding entry into typings cache: 'minimatch' => '/home/euki/.cache/typescript/4.5/node_modules/@types/minimatch/index.d.ts'
[14:24:00.862] Adding entry into typings cache: 'minimist' => '/home/euki/.cache/typescript/4.5/node_modules/@types/minimist/index.d.ts'
[14:24:00.863] Adding entry into typings cache: 'ms' => '/home/euki/.cache/typescript/4.5/node_modules/@types/ms/index.d.ts'
[14:24:00.864] Adding entry into typings cache: 'natural-compare' => '/home/euki/.cache/typescript/4.5/node_modules/@types/natural-compare/index.d.ts'
[14:24:00.866] Adding entry into typings cache: 'node-int64' => '/home/euki/.cache/typescript/4.5/node_modules/@types/node-int64/index.d.ts'
[14:24:00.868] Adding entry into typings cache: 'normalize-path' => '/home/euki/.cache/typescript/4.5/node_modules/@types/normalize-path/index.d.ts'
[14:24:00.870] Adding entry into typings cache: 'nwsapi' => '/home/euki/.cache/typescript/4.5/node_modules/@types/nwsapi/index.d.ts'
[14:24:00.871] Adding entry into typings cache: 'object-assign' => '/home/euki/.cache/typescript/4.5/node_modules/@types/object-assign/index.d.ts'
[14:24:00.872] Adding entry into typings cache: 'object-inspect' => '/home/euki/.cache/typescript/4.5/node_modules/@types/object-inspect/index.d.ts'
[14:24:00.873] Adding entry into typings cache: 'object-keys' => '/home/euki/.cache/typescript/4.5/node_modules/@types/object-keys/index.d.ts'
[14:24:00.874] Adding entry into typings cache: 'object.fromentries' => '/home/euki/.cache/typescript/4.5/node_modules/@types/object.fromentries/index.d.ts'
[14:24:00.875] Adding entry into typings cache: 'once' => '/home/euki/.cache/typescript/4.5/node_modules/@types/once/index.d.ts'
[14:24:00.876] Adding entry into typings cache: 'parse5' => '/home/euki/.cache/typescript/4.5/node_modules/@types/parse5/index.d.ts'
[14:24:00.877] Adding entry into typings cache: 'path-is-absolute' => '/home/euki/.cache/typescript/4.5/node_modules/@types/path-is-absolute/index.d.ts'
[14:24:00.877] Adding entry into typings cache: 'path-parse' => '/home/euki/.cache/typescript/4.5/node_modules/@types/path-parse/index.d.ts'
[14:24:00.878] Adding entry into typings cache: 'picomatch' => '/home/euki/.cache/typescript/4.5/node_modules/@types/picomatch/index.d.ts'
[14:24:00.880] Adding entry into typings cache: 'prelude-ls' => '/home/euki/.cache/typescript/4.5/node_modules/@types/prelude-ls/index.d.ts'
[14:24:00.881] Adding entry into typings cache: 'prettier' => '/home/euki/.cache/typescript/4.5/node_modules/@types/prettier/index.d.ts'
[14:24:00.883] Adding entry into typings cache: 'prompts' => '/home/euki/.cache/typescript/4.5/node_modules/@types/prompts/index.d.ts'
[14:24:00.884] Adding entry into typings cache: 'prop-types' => '/home/euki/.cache/typescript/4.5/node_modules/@types/prop-types/index.d.ts'
[14:24:00.884] Adding entry into typings cache: 'psl' => '/home/euki/.cache/typescript/4.5/node_modules/@types/psl/index.d.ts'
[14:24:00.885] Adding entry into typings cache: 'punycode' => '/home/euki/.cache/typescript/4.5/node_modules/@types/punycode/index.d.ts'
[14:24:00.888] Adding entry into typings cache: 'react' => '/home/euki/.cache/typescript/4.5/node_modules/@types/react/index.d.ts'
[14:24:00.889] Adding entry into typings cache: 'react-dom' => '/home/euki/.cache/typescript/4.5/node_modules/@types/react-dom/index.d.ts'
[14:24:00.890] Adding entry into typings cache: 'react-is' => '/home/euki/.cache/typescript/4.5/node_modules/@types/react-is/index.d.ts'
[14:24:00.891] Adding entry into typings cache: 'regenerator-runtime' => '/home/euki/.cache/typescript/4.5/node_modules/@types/regenerator-runtime/index.d.ts'
[14:24:00.892] Adding entry into typings cache: 'require-directory' => '/home/euki/.cache/typescript/4.5/node_modules/@types/require-directory/index.d.ts'
[14:24:00.893] Adding entry into typings cache: 'resolve' => '/home/euki/.cache/typescript/4.5/node_modules/@types/resolve/index.d.ts'
[14:24:00.894] Adding entry into typings cache: 'rimraf' => '/home/euki/.cache/typescript/4.5/node_modules/@types/rimraf/index.d.ts'
[14:24:00.895] Adding entry into typings cache: 'run-parallel' => '/home/euki/.cache/typescript/4.5/node_modules/@types/run-parallel/index.d.ts'
[14:24:00.895] Adding entry into typings cache: 'safer-buffer' => '/home/euki/.cache/typescript/4.5/node_modules/@types/safer-buffer/index.d.ts'
[14:24:00.896] Adding entry into typings cache: 'scheduler' => '/home/euki/.cache/typescript/4.5/node_modules/@types/scheduler/index.d.ts'
[14:24:00.897] Adding entry into typings cache: 'semver' => '/home/euki/.cache/typescript/4.5/node_modules/@types/semver/index.d.ts'
[14:24:00.897] Adding entry into typings cache: 'shebang-command' => '/home/euki/.cache/typescript/4.5/node_modules/@types/shebang-command/index.d.ts'
[14:24:00.898] Adding entry into typings cache: 'signal-exit' => '/home/euki/.cache/typescript/4.5/node_modules/@types/signal-exit/index.d.ts'
[14:24:00.899] Adding entry into typings cache: 'source-map-support' => '/home/euki/.cache/typescript/4.5/node_modules/@types/source-map-support/index.d.ts'
[14:24:00.900] Adding entry into typings cache: 'sprintf' => '/home/euki/.cache/typescript/4.5/node_modules/@types/sprintf/index.d.ts'
[14:24:00.901] Adding entry into typings cache: 'sprintf-js' => '/home/euki/.cache/typescript/4.5/node_modules/@types/sprintf-js/index.d.ts'
[14:24:00.902] Adding entry into typings cache: 'stack-utils' => '/home/euki/.cache/typescript/4.5/node_modules/@types/stack-utils/index.d.ts'
[14:24:00.903] Adding entry into typings cache: 'string.prototype.matchall' => '/home/euki/.cache/typescript/4.5/node_modules/@types/string.prototype.matchall/index.d.ts'
[14:24:00.905] Adding entry into typings cache: 'strip-final-newline' => '/home/euki/.cache/typescript/4.5/node_modules/@types/strip-final-newline/index.d.ts'
[14:24:00.907] Adding entry into typings cache: 'supports-color' => '/home/euki/.cache/typescript/4.5/node_modules/@types/supports-color/index.d.ts'
[14:24:00.908] Adding entry into typings cache: 'symbol-tree' => '/home/euki/.cache/typescript/4.5/node_modules/@types/symbol-tree/index.d.ts'
[14:24:00.909] Adding entry into typings cache: 'testing-library__jest-dom' => '/home/euki/.cache/typescript/4.5/node_modules/@types/testing-library__jest-dom/index.d.ts'
[14:24:00.910] Adding entry into typings cache: 'text-table' => '/home/euki/.cache/typescript/4.5/node_modules/@types/text-table/index.d.ts'
[14:24:00.911] Adding entry into typings cache: 'tmpl' => '/home/euki/.cache/typescript/4.5/node_modules/@types/tmpl/index.d.ts'
[14:24:00.912] Adding entry into typings cache: 'to-regex-range' => '/home/euki/.cache/typescript/4.5/node_modules/@types/to-regex-range/index.d.ts'
[14:24:00.913] Adding entry into typings cache: 'tough-cookie' => '/home/euki/.cache/typescript/4.5/node_modules/@types/tough-cookie/index.d.ts'
[14:24:00.914] Adding entry into typings cache: 'type-check' => '/home/euki/.cache/typescript/4.5/node_modules/@types/type-check/index.d.ts'
[14:24:00.914] Adding entry into typings cache: 'type-detect' => '/home/euki/.cache/typescript/4.5/node_modules/@types/type-detect/index.d.ts'
[14:24:00.915] Adding entry into typings cache: 'universalify' => '/home/euki/.cache/typescript/4.5/node_modules/@types/universalify/index.d.ts'
[14:24:00.917] Adding entry into typings cache: 'use-subscription' => '/home/euki/.cache/typescript/4.5/node_modules/@types/use-subscription/index.d.ts'
[14:24:00.917] Adding entry into typings cache: 'w3c-hr-time' => '/home/euki/.cache/typescript/4.5/node_modules/@types/w3c-hr-time/index.d.ts'
[14:24:00.918] Adding entry into typings cache: 'w3c-xmlserializer' => '/home/euki/.cache/typescript/4.5/node_modules/@types/w3c-xmlserializer/index.d.ts'
[14:24:00.919] Adding entry into typings cache: 'webidl-conversions' => '/home/euki/.cache/typescript/4.5/node_modules/@types/webidl-conversions/index.d.ts'
[14:24:00.920] Adding entry into typings cache: 'whatwg-encoding' => '/home/euki/.cache/typescript/4.5/node_modules/@types/whatwg-encoding/index.d.ts'
[14:24:00.921] Adding entry into typings cache: 'whatwg-mimetype' => '/home/euki/.cache/typescript/4.5/node_modules/@types/whatwg-mimetype/index.d.ts'
[14:24:00.922] Adding entry into typings cache: 'whatwg-url' => '/home/euki/.cache/typescript/4.5/node_modules/@types/whatwg-url/index.d.ts'
[14:24:00.923] Adding entry into typings cache: 'which' => '/home/euki/.cache/typescript/4.5/node_modules/@types/which/index.d.ts'
[14:24:00.924] Adding entry into typings cache: 'wrap-ansi' => '/home/euki/.cache/typescript/4.5/node_modules/@types/wrap-ansi/index.d.ts'
[14:24:00.924] Adding entry into typings cache: 'write-file-atomic' => '/home/euki/.cache/typescript/4.5/node_modules/@types/write-file-atomic/index.d.ts'
[14:24:00.925] Adding entry into typings cache: 'ws' => '/home/euki/.cache/typescript/4.5/node_modules/@types/ws/index.d.ts'
[14:24:00.926] Adding entry into typings cache: 'yallist' => '/home/euki/.cache/typescript/4.5/node_modules/@types/yallist/index.d.ts'
[14:24:00.927] Adding entry into typings cache: 'yargs' => '/home/euki/.cache/typescript/4.5/node_modules/@types/yargs/index.d.ts'
[14:24:00.928] Adding entry into typings cache: 'yargs-parser' => '/home/euki/.cache/typescript/4.5/node_modules/@types/yargs-parser/index.d.ts'
[14:24:00.928] Finished processing cache location '/home/euki/.cache/typescript/4.5'
[14:24:00.928] Process id: 3682
[14:24:00.928] NPM location: /home/euki/.fnm/node-versions/v16.3.0/installation/bin/npm (explicit '--npmLocation' not  provided)
[14:24:00.928] validateDefaultNpmLocation: false
[14:24:00.929] Npm config file: /home/euki/.cache/typescript/4.5/package.json
[14:24:00.929] Updating types-registry npm package...
[14:24:00.929] Exec: /home/euki/.fnm/node-versions/v16.3.0/installation/bin/npm install --ignore-scripts types-registry@latest
[14:24:01.971]     Succeeded. stdout:
    
    up to date, audited 178 packages in 853ms

3 packages are looking for funding
  run `npm fund` for details

found 0 vulnerabilities

[14:24:01.971] Updated types-registry npm package
[14:24:03.897] Got install request {"projectName":"/dev/null/inferredProject1*","fileNames":["/home/euki/.fnm/node-versions/v16.3.0/installation/lib/node_modules/typescript/lib/lib.es5.d.ts","/home/euki/.fnm/node-versions/v16.3.0/installation/lib/node_modules/typescript/lib/lib.es2015.d.ts","/home/euki/.fnm/node-versions/v16.3.0/installation/lib/node_modules/typescript/lib/lib.es2016.d.ts","/home/euki/.fnm/node-versions/v16.3.0/installation/lib/node_modules/typescript/lib/lib.dom.d.ts","/home/euki/.fnm/node-versions/v16.3.0/installation/lib/node_modules/typescript/lib/lib.dom.iterable.d.ts","/home/euki/.fnm/node-versions/v16.3.0/installation/lib/node_modules/typescript/lib/lib.webworker.importscripts.d.ts","/home/euki/.fnm/node-versions/v16.3.0/installation/lib/node_modules/typescript/lib/lib.scripthost.d.ts","/home/euki/.fnm/node-versions/v16.3.0/installation/lib/node_modules/typescript/lib/lib.es2015.core.d.ts","/home/euki/.fnm/node-versions/v16.3.0/installation/lib/node_modules/typescript/lib/lib.es2015.collection.d.ts","/home/euki/.fnm/node-versions/v16.3.0/installation/lib/node_modules/typescript/lib/lib.es2015.generator.d.ts","/home/euki/.fnm/node-versions/v16.3.0/installation/lib/node_modules/typescript/lib/lib.es2015.iterable.d.ts","/home/euki/.fnm/node-versions/v16.3.0/installation/lib/node_modules/typescript/lib/lib.es2015.promise.d.ts","/home/euki/.fnm/node-versions/v16.3.0/installation/lib/node_modules/typescript/lib/lib.es2015.proxy.d.ts","/home/euki/.fnm/node-versions/v16.3.0/installation/lib/node_modules/typescript/lib/lib.es2015.reflect.d.ts","/home/euki/.fnm/node-versions/v16.3.0/installation/lib/node_modules/typescript/lib/lib.es2015.symbol.d.ts","/home/euki/.fnm/node-versions/v16.3.0/installation/lib/node_modules/typescript/lib/lib.es2015.symbol.wellknown.d.ts","/home/euki/.fnm/node-versions/v16.3.0/installation/lib/node_modules/typescript/lib/lib.es2016.array.include.d.ts","/home/euki/.fnm/node-versions/v16.3.0/installation/lib/node_modules/typescript/lib/lib.es2016.full.d.ts","/home/euki/Disciplines/Tutorials/nextjs-tutorial/components/layout.js"],"compilerOptions":{"module":1,"target":3,"jsx":1,"allowJs":true,"allowSyntheticDefaultImports":true,"allowNonTsExtensions":true,"noEmitForJsFiles":true,"maxNodeModuleJsDepth":2},"typeAcquisition":{"enable":true,"include":[],"exclude":[]},"unresolvedImports":[],"projectRootPath":"/home/euki/Disciplines/Tutorials/nextjs-tutorial/components","kind":"discover"}
[14:24:03.909] Loaded safelist from types map file '/home/euki/.fnm/node-versions/v16.3.0/installation/lib/node_modules/typescript/lib/typesMap.json'
[14:24:03.910] Explicitly included types: []
[14:24:03.910] Inferred typings from unresolved imports: []
[14:24:03.910] Result: {"cachedTypingPaths":[],"newTypingNames":[],"filesToWatch":["/home/euki/Disciplines/Tutorials/nextjs-tutorial/components/bower_components","/home/euki/Disciplines/Tutorials/nextjs-tutorial/components/node_modules"]}
[14:24:03.911] Finished typings discovery: {"cachedTypingPaths":[],"newTypingNames":[],"filesToWatch":["/home/euki/Disciplines/Tutorials/nextjs-tutorial/components/bower_components","/home/euki/Disciplines/Tutorials/nextjs-tutorial/components/node_modules"]}
[14:24:03.911] DirectoryWatcher:: Added:: WatchInfo: /home/euki/Disciplines/Tutorials/nextjs-tutorial/components/bower_components
[14:24:03.911] DirectoryWatcher:: Added:: WatchInfo: /home/euki/Disciplines/Tutorials/nextjs-tutorial/components/bower_components 1 undefined Project: /dev/null/inferredProject1* watcher already invoked: false
[14:24:03.913] Elapsed:: 1.6454399999929592ms DirectoryWatcher:: Added:: WatchInfo: /home/euki/Disciplines/Tutorials/nextjs-tutorial/components/bower_components 1 undefined Project: /dev/null/inferredProject1* watcher already invoked: false
[14:24:03.913] DirectoryWatcher:: Added:: WatchInfo: /home/euki/Disciplines/Tutorials/nextjs-tutorial/components/node_modules
[14:24:03.913] DirectoryWatcher:: Added:: WatchInfo: /home/euki/Disciplines/Tutorials/nextjs-tutorial/components/node_modules 1 undefined Project: /dev/null/inferredProject1* watcher already invoked: false
[14:24:03.914] Elapsed:: 0.12387000001035631ms DirectoryWatcher:: Added:: WatchInfo: /home/euki/Disciplines/Tutorials/nextjs-tutorial/components/node_modules 1 undefined Project: /dev/null/inferredProject1* watcher already invoked: false
[14:24:03.914] Sending response:
    {"projectName":"/dev/null/inferredProject1*","typeAcquisition":{"enable":true,"include":[],"exclude":[]},"compilerOptions":{"module":1,"target":3,"jsx":1,"allowJs":true,"allowSyntheticDefaultImports":true,"allowNonTsExtensions":true,"noEmitForJsFiles":true,"maxNodeModuleJsDepth":2},"typings":[],"unresolvedImports":[],"kind":"action::set"}
[14:24:03.914] Response has been sent.
[14:24:03.914] No new typings were requested as a result of typings discovery
[15:44:39.984] Got install request {"projectName":"/dev/null/inferredProject2*","fileNames":["/home/euki/.fnm/node-versions/v16.3.0/installation/lib/node_modules/typescript/lib/lib.es5.d.ts","/home/euki/.fnm/node-versions/v16.3.0/installation/lib/node_modules/typescript/lib/lib.es2015.d.ts","/home/euki/.fnm/node-versions/v16.3.0/installation/lib/node_modules/typescript/lib/lib.es2016.d.ts","/home/euki/.fnm/node-versions/v16.3.0/installation/lib/node_modules/typescript/lib/lib.dom.d.ts","/home/euki/.fnm/node-versions/v16.3.0/installation/lib/node_modules/typescript/lib/lib.dom.iterable.d.ts","/home/euki/.fnm/node-versions/v16.3.0/installation/lib/node_modules/typescript/lib/lib.webworker.importscripts.d.ts","/home/euki/.fnm/node-versions/v16.3.0/installation/lib/node_modules/typescript/lib/lib.scripthost.d.ts","/home/euki/.fnm/node-versions/v16.3.0/installation/lib/node_modules/typescript/lib/lib.es2015.core.d.ts","/home/euki/.fnm/node-versions/v16.3.0/installation/lib/node_modules/typescript/lib/lib.es2015.collection.d.ts","/home/euki/.fnm/node-versions/v16.3.0/installation/lib/node_modules/typescript/lib/lib.es2015.generator.d.ts","/home/euki/.fnm/node-versions/v16.3.0/installation/lib/node_modules/typescript/lib/lib.es2015.iterable.d.ts","/home/euki/.fnm/node-versions/v16.3.0/installation/lib/node_modules/typescript/lib/lib.es2015.promise.d.ts","/home/euki/.fnm/node-versions/v16.3.0/installation/lib/node_modules/typescript/lib/lib.es2015.proxy.d.ts","/home/euki/.fnm/node-versions/v16.3.0/installation/lib/node_modules/typescript/lib/lib.es2015.reflect.d.ts","/home/euki/.fnm/node-versions/v16.3.0/installation/lib/node_modules/typescript/lib/lib.es2015.symbol.d.ts","/home/euki/.fnm/node-versions/v16.3.0/installation/lib/node_modules/typescript/lib/lib.es2015.symbol.wellknown.d.ts","/home/euki/.fnm/node-versions/v16.3.0/installation/lib/node_modules/typescript/lib/lib.es2016.array.include.d.ts","/home/euki/.fnm/node-versions/v16.3.0/installation/lib/node_modules/typescript/lib/lib.es2016.full.d.ts","/home/euki/Disciplines/Tutorials/nextjs-tutorial/components/layout.js","/home/euki/Disciplines/Tutorials/nextjs-tutorial/pages/index.js"],"compilerOptions":{"module":1,"target":3,"jsx":1,"allowJs":true,"allowSyntheticDefaultImports":true,"allowNonTsExtensions":true,"noEmitForJsFiles":true,"maxNodeModuleJsDepth":2},"typeAcquisition":{"enable":true,"include":[],"exclude":[]},"unresolvedImports":[],"projectRootPath":"/home/euki/Disciplines/Tutorials/nextjs-tutorial/pages","kind":"discover"}
[15:44:39.984] Explicitly included types: []
[15:44:39.985] Inferred typings from unresolved imports: []
[15:44:39.985] Result: {"cachedTypingPaths":[],"newTypingNames":[],"filesToWatch":["/home/euki/Disciplines/Tutorials/nextjs-tutorial/components/bower_components","/home/euki/Disciplines/Tutorials/nextjs-tutorial/components/node_modules","/home/euki/Disciplines/Tutorials/nextjs-tutorial/pages/bower_components","/home/euki/Disciplines/Tutorials/nextjs-tutorial/pages/node_modules"]}
[15:44:39.985] Finished typings discovery: {"cachedTypingPaths":[],"newTypingNames":[],"filesToWatch":["/home/euki/Disciplines/Tutorials/nextjs-tutorial/components/bower_components","/home/euki/Disciplines/Tutorials/nextjs-tutorial/components/node_modules","/home/euki/Disciplines/Tutorials/nextjs-tutorial/pages/bower_components","/home/euki/Disciplines/Tutorials/nextjs-tutorial/pages/node_modules"]}
[15:44:39.985] DirectoryWatcher:: Added:: WatchInfo: /home/euki/Disciplines/Tutorials/nextjs-tutorial/components/bower_components
[15:44:39.985] DirectoryWatcher:: Added:: WatchInfo: /home/euki/Disciplines/Tutorials/nextjs-tutorial/components/bower_components 1 undefined Project: /dev/null/inferredProject2* watcher already invoked: false
[15:44:39.985] Elapsed:: 0.01510500069707632ms DirectoryWatcher:: Added:: WatchInfo: /home/euki/Disciplines/Tutorials/nextjs-tutorial/components/bower_components 1 undefined Project: /dev/null/inferredProject2* watcher already invoked: false
[15:44:39.985] DirectoryWatcher:: Added:: WatchInfo: /home/euki/Disciplines/Tutorials/nextjs-tutorial/components/node_modules
[15:44:39.985] DirectoryWatcher:: Added:: WatchInfo: /home/euki/Disciplines/Tutorials/nextjs-tutorial/components/node_modules 1 undefined Project: /dev/null/inferredProject2* watcher already invoked: false
[15:44:39.985] Elapsed:: 0.009444000199437141ms DirectoryWatcher:: Added:: WatchInfo: /home/euki/Disciplines/Tutorials/nextjs-tutorial/components/node_modules 1 undefined Project: /dev/null/inferredProject2* watcher already invoked: false
[15:44:39.985] DirectoryWatcher:: Added:: WatchInfo: /home/euki/Disciplines/Tutorials/nextjs-tutorial/pages/bower_components
[15:44:39.985] DirectoryWatcher:: Added:: WatchInfo: /home/euki/Disciplines/Tutorials/nextjs-tutorial/pages/bower_components 1 undefined Project: /dev/null/inferredProject2* watcher already invoked: false
[15:44:39.985] Elapsed:: 0.1111420001834631ms DirectoryWatcher:: Added:: WatchInfo: /home/euki/Disciplines/Tutorials/nextjs-tutorial/pages/bower_components 1 undefined Project: /dev/null/inferredProject2* watcher already invoked: false
[15:44:39.985] DirectoryWatcher:: Added:: WatchInfo: /home/euki/Disciplines/Tutorials/nextjs-tutorial/pages/node_modules
[15:44:39.985] DirectoryWatcher:: Added:: WatchInfo: /home/euki/Disciplines/Tutorials/nextjs-tutorial/pages/node_modules 1 undefined Project: /dev/null/inferredProject2* watcher already invoked: false
[15:44:39.985] Elapsed:: 0.0795889999717474ms DirectoryWatcher:: Added:: WatchInfo: /home/euki/Disciplines/Tutorials/nextjs-tutorial/pages/node_modules 1 undefined Project: /dev/null/inferredProject2* watcher already invoked: false
[15:44:39.986] Sending response:
    {"projectName":"/dev/null/inferredProject2*","typeAcquisition":{"enable":true,"include":[],"exclude":[]},"compilerOptions":{"module":1,"target":3,"jsx":1,"allowJs":true,"allowSyntheticDefaultImports":true,"allowNonTsExtensions":true,"noEmitForJsFiles":true,"maxNodeModuleJsDepth":2},"typings":[],"unresolvedImports":[],"kind":"action::set"}
[15:44:39.986] Response has been sent.
[15:44:39.986] No new typings were requested as a result of typings discovery
[06:04:21.307] Parent process has exited, shutting down...
