[17:51:14.811] Global cache location '/home/euki/.cache/typescript/4.5', safe file path '/home/euki/.fnm/node-versions/v16.3.0/installation/lib/node_modules/typescript/lib/typingSafeList.json', types map path /home/euki/.fnm/node-versions/v16.3.0/installation/lib/node_modules/typescript/lib/typesMap.json
[17:51:14.811] Processing cache location '/home/euki/.cache/typescript/4.5'
[17:51:14.811] Trying to find '/home/euki/.cache/typescript/4.5/package.json'...
[17:51:14.812] Loaded content of '/home/euki/.cache/typescript/4.5/package.json': {"private":true,"dependencies":{"types-registry":"^0.1.576"},"devDependencies":{"@types/react":"^17.0.38"}}
[17:51:14.812] Loaded content of '/home/euki/.cache/typescript/4.5/package-lock.json'
[17:51:14.823] Adding entry into typings cache: 'react' => '/home/euki/.cache/typescript/4.5/node_modules/@types/react/index.d.ts'
[17:51:14.823] Finished processing cache location '/home/euki/.cache/typescript/4.5'
[17:51:14.824] Process id: 56938
[17:51:14.824] NPM location: /home/euki/.fnm/node-versions/v16.3.0/installation/bin/npm (explicit '--npmLocation' not  provided)
[17:51:14.824] validateDefaultNpmLocation: false
[17:51:14.824] Npm config file: /home/euki/.cache/typescript/4.5/package.json
[17:51:14.824] Updating types-registry npm package...
[17:51:14.824] Exec: /home/euki/.fnm/node-versions/v16.3.0/installation/bin/npm install --ignore-scripts types-registry@latest
[17:51:15.661]     Succeeded. stdout:
    
    up to date, audited 6 packages in 683ms

found 0 vulnerabilities

[17:51:15.661] Updated types-registry npm package
[17:51:17.231] Got install request {"projectName":"/dev/null/inferredProject1*","fileNames":["/home/euki/.fnm/node-versions/v16.3.0/installation/lib/node_modules/typescript/lib/lib.es5.d.ts","/home/euki/.fnm/node-versions/v16.3.0/installation/lib/node_modules/typescript/lib/lib.es2015.d.ts","/home/euki/.fnm/node-versions/v16.3.0/installation/lib/node_modules/typescript/lib/lib.es2016.d.ts","/home/euki/.fnm/node-versions/v16.3.0/installation/lib/node_modules/typescript/lib/lib.dom.d.ts","/home/euki/.fnm/node-versions/v16.3.0/installation/lib/node_modules/typescript/lib/lib.dom.iterable.d.ts","/home/euki/.fnm/node-versions/v16.3.0/installation/lib/node_modules/typescript/lib/lib.webworker.importscripts.d.ts","/home/euki/.fnm/node-versions/v16.3.0/installation/lib/node_modules/typescript/lib/lib.scripthost.d.ts","/home/euki/.fnm/node-versions/v16.3.0/installation/lib/node_modules/typescript/lib/lib.es2015.core.d.ts","/home/euki/.fnm/node-versions/v16.3.0/installation/lib/node_modules/typescript/lib/lib.es2015.collection.d.ts","/home/euki/.fnm/node-versions/v16.3.0/installation/lib/node_modules/typescript/lib/lib.es2015.generator.d.ts","/home/euki/.fnm/node-versions/v16.3.0/installation/lib/node_modules/typescript/lib/lib.es2015.iterable.d.ts","/home/euki/.fnm/node-versions/v16.3.0/installation/lib/node_modules/typescript/lib/lib.es2015.promise.d.ts","/home/euki/.fnm/node-versions/v16.3.0/installation/lib/node_modules/typescript/lib/lib.es2015.proxy.d.ts","/home/euki/.fnm/node-versions/v16.3.0/installation/lib/node_modules/typescript/lib/lib.es2015.reflect.d.ts","/home/euki/.fnm/node-versions/v16.3.0/installation/lib/node_modules/typescript/lib/lib.es2015.symbol.d.ts","/home/euki/.fnm/node-versions/v16.3.0/installation/lib/node_modules/typescript/lib/lib.es2015.symbol.wellknown.d.ts","/home/euki/.fnm/node-versions/v16.3.0/installation/lib/node_modules/typescript/lib/lib.es2016.array.include.d.ts","/home/euki/.fnm/node-versions/v16.3.0/installation/lib/node_modules/typescript/lib/lib.es2016.full.d.ts","/home/euki/Disciplines/Tutorials/nextjs-tutorial/pages/index.js"],"compilerOptions":{"module":1,"target":3,"jsx":1,"allowJs":true,"allowSyntheticDefaultImports":true,"allowNonTsExtensions":true,"noEmitForJsFiles":true,"maxNodeModuleJsDepth":2},"typeAcquisition":{"enable":true,"include":[],"exclude":[]},"unresolvedImports":[],"projectRootPath":"/home/euki/Disciplines/Tutorials/nextjs-tutorial/pages","kind":"discover"}
[17:51:17.247] Loaded safelist from types map file '/home/euki/.fnm/node-versions/v16.3.0/installation/lib/node_modules/typescript/lib/typesMap.json'
[17:51:17.247] Explicitly included types: []
[17:51:17.248] Inferred typings from unresolved imports: []
[17:51:17.248] Result: {"cachedTypingPaths":[],"newTypingNames":[],"filesToWatch":["/home/euki/Disciplines/Tutorials/nextjs-tutorial/pages/bower_components","/home/euki/Disciplines/Tutorials/nextjs-tutorial/pages/node_modules"]}
[17:51:17.248] Finished typings discovery: {"cachedTypingPaths":[],"newTypingNames":[],"filesToWatch":["/home/euki/Disciplines/Tutorials/nextjs-tutorial/pages/bower_components","/home/euki/Disciplines/Tutorials/nextjs-tutorial/pages/node_modules"]}
[17:51:17.248] DirectoryWatcher:: Added:: WatchInfo: /home/euki/Disciplines/Tutorials/nextjs-tutorial/pages/bower_components
[17:51:17.249] DirectoryWatcher:: Added:: WatchInfo: /home/euki/Disciplines/Tutorials/nextjs-tutorial/pages/bower_components 1 undefined Project: /dev/null/inferredProject1* watcher already invoked: false
[17:51:17.250] Elapsed:: 1.0877059996128082ms DirectoryWatcher:: Added:: WatchInfo: /home/euki/Disciplines/Tutorials/nextjs-tutorial/pages/bower_components 1 undefined Project: /dev/null/inferredProject1* watcher already invoked: false
[17:51:17.250] DirectoryWatcher:: Added:: WatchInfo: /home/euki/Disciplines/Tutorials/nextjs-tutorial/pages/node_modules
[17:51:17.250] DirectoryWatcher:: Added:: WatchInfo: /home/euki/Disciplines/Tutorials/nextjs-tutorial/pages/node_modules 1 undefined Project: /dev/null/inferredProject1* watcher already invoked: false
[17:51:17.250] Elapsed:: 0.09025600552558899ms DirectoryWatcher:: Added:: WatchInfo: /home/euki/Disciplines/Tutorials/nextjs-tutorial/pages/node_modules 1 undefined Project: /dev/null/inferredProject1* watcher already invoked: false
[17:51:17.250] Sending response:
    {"projectName":"/dev/null/inferredProject1*","typeAcquisition":{"enable":true,"include":[],"exclude":[]},"compilerOptions":{"module":1,"target":3,"jsx":1,"allowJs":true,"allowSyntheticDefaultImports":true,"allowNonTsExtensions":true,"noEmitForJsFiles":true,"maxNodeModuleJsDepth":2},"typings":[],"unresolvedImports":[],"kind":"action::set"}
[17:51:17.251] Response has been sent.
[17:51:17.251] No new typings were requested as a result of typings discovery
[17:56:59.334] Got install request {"projectName":"/dev/null/inferredProject2*","fileNames":["/home/euki/.fnm/node-versions/v16.3.0/installation/lib/node_modules/typescript/lib/lib.es5.d.ts","/home/euki/.fnm/node-versions/v16.3.0/installation/lib/node_modules/typescript/lib/lib.es2015.d.ts","/home/euki/.fnm/node-versions/v16.3.0/installation/lib/node_modules/typescript/lib/lib.es2016.d.ts","/home/euki/.fnm/node-versions/v16.3.0/installation/lib/node_modules/typescript/lib/lib.dom.d.ts","/home/euki/.fnm/node-versions/v16.3.0/installation/lib/node_modules/typescript/lib/lib.dom.iterable.d.ts","/home/euki/.fnm/node-versions/v16.3.0/installation/lib/node_modules/typescript/lib/lib.webworker.importscripts.d.ts","/home/euki/.fnm/node-versions/v16.3.0/installation/lib/node_modules/typescript/lib/lib.scripthost.d.ts","/home/euki/.fnm/node-versions/v16.3.0/installation/lib/node_modules/typescript/lib/lib.es2015.core.d.ts","/home/euki/.fnm/node-versions/v16.3.0/installation/lib/node_modules/typescript/lib/lib.es2015.collection.d.ts","/home/euki/.fnm/node-versions/v16.3.0/installation/lib/node_modules/typescript/lib/lib.es2015.generator.d.ts","/home/euki/.fnm/node-versions/v16.3.0/installation/lib/node_modules/typescript/lib/lib.es2015.iterable.d.ts","/home/euki/.fnm/node-versions/v16.3.0/installation/lib/node_modules/typescript/lib/lib.es2015.promise.d.ts","/home/euki/.fnm/node-versions/v16.3.0/installation/lib/node_modules/typescript/lib/lib.es2015.proxy.d.ts","/home/euki/.fnm/node-versions/v16.3.0/installation/lib/node_modules/typescript/lib/lib.es2015.reflect.d.ts","/home/euki/.fnm/node-versions/v16.3.0/installation/lib/node_modules/typescript/lib/lib.es2015.symbol.d.ts","/home/euki/.fnm/node-versions/v16.3.0/installation/lib/node_modules/typescript/lib/lib.es2015.symbol.wellknown.d.ts","/home/euki/.fnm/node-versions/v16.3.0/installation/lib/node_modules/typescript/lib/lib.es2016.array.include.d.ts","/home/euki/.fnm/node-versions/v16.3.0/installation/lib/node_modules/typescript/lib/lib.es2016.full.d.ts","/home/euki/Disciplines/Tutorials/nextjs-tutorial/pages/posts/first-post.js"],"compilerOptions":{"module":1,"target":3,"jsx":1,"allowJs":true,"allowSyntheticDefaultImports":true,"allowNonTsExtensions":true,"noEmitForJsFiles":true,"maxNodeModuleJsDepth":2},"typeAcquisition":{"enable":true,"include":[],"exclude":[]},"unresolvedImports":[],"projectRootPath":"/home/euki/Disciplines/Tutorials/nextjs-tutorial/pages/posts","kind":"discover"}
[17:56:59.334] Explicitly included types: []
[17:56:59.335] Inferred typings from unresolved imports: []
[17:56:59.335] Result: {"cachedTypingPaths":[],"newTypingNames":[],"filesToWatch":["/home/euki/Disciplines/Tutorials/nextjs-tutorial/pages/posts/bower_components","/home/euki/Disciplines/Tutorials/nextjs-tutorial/pages/posts/node_modules"]}
[17:56:59.335] Finished typings discovery: {"cachedTypingPaths":[],"newTypingNames":[],"filesToWatch":["/home/euki/Disciplines/Tutorials/nextjs-tutorial/pages/posts/bower_components","/home/euki/Disciplines/Tutorials/nextjs-tutorial/pages/posts/node_modules"]}
[17:56:59.335] DirectoryWatcher:: Added:: WatchInfo: /home/euki/Disciplines/Tutorials/nextjs-tutorial/pages/posts/bower_components
[17:56:59.335] DirectoryWatcher:: Added:: WatchInfo: /home/euki/Disciplines/Tutorials/nextjs-tutorial/pages/posts/bower_components 1 undefined Project: /dev/null/inferredProject2* watcher already invoked: false
[17:56:59.335] Elapsed:: 0.11221899837255478ms DirectoryWatcher:: Added:: WatchInfo: /home/euki/Disciplines/Tutorials/nextjs-tutorial/pages/posts/bower_components 1 undefined Project: /dev/null/inferredProject2* watcher already invoked: false
[17:56:59.335] DirectoryWatcher:: Added:: WatchInfo: /home/euki/Disciplines/Tutorials/nextjs-tutorial/pages/posts/node_modules
[17:56:59.335] DirectoryWatcher:: Added:: WatchInfo: /home/euki/Disciplines/Tutorials/nextjs-tutorial/pages/posts/node_modules 1 undefined Project: /dev/null/inferredProject2* watcher already invoked: false
[17:56:59.335] Elapsed:: 0.08366499841213226ms DirectoryWatcher:: Added:: WatchInfo: /home/euki/Disciplines/Tutorials/nextjs-tutorial/pages/posts/node_modules 1 undefined Project: /dev/null/inferredProject2* watcher already invoked: false
[17:56:59.335] Sending response:
    {"projectName":"/dev/null/inferredProject2*","typeAcquisition":{"enable":true,"include":[],"exclude":[]},"compilerOptions":{"module":1,"target":3,"jsx":1,"allowJs":true,"allowSyntheticDefaultImports":true,"allowNonTsExtensions":true,"noEmitForJsFiles":true,"maxNodeModuleJsDepth":2},"typings":[],"unresolvedImports":[],"kind":"action::set"}
[17:56:59.335] Response has been sent.
[17:56:59.335] No new typings were requested as a result of typings discovery
[17:57:18.298] Got install request {"projectName":"/dev/null/inferredProject2*","fileNames":["/home/euki/.fnm/node-versions/v16.3.0/installation/lib/node_modules/typescript/lib/lib.es5.d.ts","/home/euki/.fnm/node-versions/v16.3.0/installation/lib/node_modules/typescript/lib/lib.es2015.d.ts","/home/euki/.fnm/node-versions/v16.3.0/installation/lib/node_modules/typescript/lib/lib.es2016.d.ts","/home/euki/.fnm/node-versions/v16.3.0/installation/lib/node_modules/typescript/lib/lib.dom.d.ts","/home/euki/.fnm/node-versions/v16.3.0/installation/lib/node_modules/typescript/lib/lib.dom.iterable.d.ts","/home/euki/.fnm/node-versions/v16.3.0/installation/lib/node_modules/typescript/lib/lib.webworker.importscripts.d.ts","/home/euki/.fnm/node-versions/v16.3.0/installation/lib/node_modules/typescript/lib/lib.scripthost.d.ts","/home/euki/.fnm/node-versions/v16.3.0/installation/lib/node_modules/typescript/lib/lib.es2015.core.d.ts","/home/euki/.fnm/node-versions/v16.3.0/installation/lib/node_modules/typescript/lib/lib.es2015.collection.d.ts","/home/euki/.fnm/node-versions/v16.3.0/installation/lib/node_modules/typescript/lib/lib.es2015.generator.d.ts","/home/euki/.fnm/node-versions/v16.3.0/installation/lib/node_modules/typescript/lib/lib.es2015.iterable.d.ts","/home/euki/.fnm/node-versions/v16.3.0/installation/lib/node_modules/typescript/lib/lib.es2015.promise.d.ts","/home/euki/.fnm/node-versions/v16.3.0/installation/lib/node_modules/typescript/lib/lib.es2015.proxy.d.ts","/home/euki/.fnm/node-versions/v16.3.0/installation/lib/node_modules/typescript/lib/lib.es2015.reflect.d.ts","/home/euki/.fnm/node-versions/v16.3.0/installation/lib/node_modules/typescript/lib/lib.es2015.symbol.d.ts","/home/euki/.fnm/node-versions/v16.3.0/installation/lib/node_modules/typescript/lib/lib.es2015.symbol.wellknown.d.ts","/home/euki/.fnm/node-versions/v16.3.0/installation/lib/node_modules/typescript/lib/lib.es2016.array.include.d.ts","/home/euki/.fnm/node-versions/v16.3.0/installation/lib/node_modules/typescript/lib/lib.es2016.full.d.ts","/home/euki/Disciplines/Tutorials/nextjs-tutorial/pages/posts/first-post.js"],"compilerOptions":{"module":1,"target":3,"jsx":1,"allowJs":true,"allowSyntheticDefaultImports":true,"allowNonTsExtensions":true,"noEmitForJsFiles":true,"maxNodeModuleJsDepth":2},"typeAcquisition":{"enable":true,"include":[],"exclude":[]},"projectRootPath":"/home/euki/Disciplines/Tutorials/nextjs-tutorial/pages/posts","kind":"discover"}
[17:57:18.299] Explicitly included types: []
[17:57:18.299] Result: {"cachedTypingPaths":[],"newTypingNames":[],"filesToWatch":["/home/euki/Disciplines/Tutorials/nextjs-tutorial/pages/posts/bower_components","/home/euki/Disciplines/Tutorials/nextjs-tutorial/pages/posts/node_modules"]}
[17:57:18.299] Finished typings discovery: {"cachedTypingPaths":[],"newTypingNames":[],"filesToWatch":["/home/euki/Disciplines/Tutorials/nextjs-tutorial/pages/posts/bower_components","/home/euki/Disciplines/Tutorials/nextjs-tutorial/pages/posts/node_modules"]}
[17:57:18.299] Sending response:
    {"projectName":"/dev/null/inferredProject2*","typeAcquisition":{"enable":true,"include":[],"exclude":[]},"compilerOptions":{"module":1,"target":3,"jsx":1,"allowJs":true,"allowSyntheticDefaultImports":true,"allowNonTsExtensions":true,"noEmitForJsFiles":true,"maxNodeModuleJsDepth":2},"typings":[],"kind":"action::set"}
[17:57:18.299] Response has been sent.
[17:57:18.299] No new typings were requested as a result of typings discovery
[17:57:25.414] Got install request {"projectName":"/dev/null/inferredProject2*","fileNames":["/home/euki/.fnm/node-versions/v16.3.0/installation/lib/node_modules/typescript/lib/lib.es5.d.ts","/home/euki/.fnm/node-versions/v16.3.0/installation/lib/node_modules/typescript/lib/lib.es2015.d.ts","/home/euki/.fnm/node-versions/v16.3.0/installation/lib/node_modules/typescript/lib/lib.es2016.d.ts","/home/euki/.fnm/node-versions/v16.3.0/installation/lib/node_modules/typescript/lib/lib.dom.d.ts","/home/euki/.fnm/node-versions/v16.3.0/installation/lib/node_modules/typescript/lib/lib.dom.iterable.d.ts","/home/euki/.fnm/node-versions/v16.3.0/installation/lib/node_modules/typescript/lib/lib.webworker.importscripts.d.ts","/home/euki/.fnm/node-versions/v16.3.0/installation/lib/node_modules/typescript/lib/lib.scripthost.d.ts","/home/euki/.fnm/node-versions/v16.3.0/installation/lib/node_modules/typescript/lib/lib.es2015.core.d.ts","/home/euki/.fnm/node-versions/v16.3.0/installation/lib/node_modules/typescript/lib/lib.es2015.collection.d.ts","/home/euki/.fnm/node-versions/v16.3.0/installation/lib/node_modules/typescript/lib/lib.es2015.generator.d.ts","/home/euki/.fnm/node-versions/v16.3.0/installation/lib/node_modules/typescript/lib/lib.es2015.iterable.d.ts","/home/euki/.fnm/node-versions/v16.3.0/installation/lib/node_modules/typescript/lib/lib.es2015.promise.d.ts","/home/euki/.fnm/node-versions/v16.3.0/installation/lib/node_modules/typescript/lib/lib.es2015.proxy.d.ts","/home/euki/.fnm/node-versions/v16.3.0/installation/lib/node_modules/typescript/lib/lib.es2015.reflect.d.ts","/home/euki/.fnm/node-versions/v16.3.0/installation/lib/node_modules/typescript/lib/lib.es2015.symbol.d.ts","/home/euki/.fnm/node-versions/v16.3.0/installation/lib/node_modules/typescript/lib/lib.es2015.symbol.wellknown.d.ts","/home/euki/.fnm/node-versions/v16.3.0/installation/lib/node_modules/typescript/lib/lib.es2016.array.include.d.ts","/home/euki/.fnm/node-versions/v16.3.0/installation/lib/node_modules/typescript/lib/lib.es2016.full.d.ts","/home/euki/Disciplines/Tutorials/nextjs-tutorial/pages/posts/first-post.js"],"compilerOptions":{"module":1,"target":3,"jsx":1,"allowJs":true,"allowSyntheticDefaultImports":true,"allowNonTsExtensions":true,"noEmitForJsFiles":true,"maxNodeModuleJsDepth":2},"typeAcquisition":{"enable":true,"include":[],"exclude":[]},"projectRootPath":"/home/euki/Disciplines/Tutorials/nextjs-tutorial/pages/posts","kind":"discover"}
[17:57:25.414] Explicitly included types: []
[17:57:25.414] Result: {"cachedTypingPaths":[],"newTypingNames":[],"filesToWatch":["/home/euki/Disciplines/Tutorials/nextjs-tutorial/pages/posts/bower_components","/home/euki/Disciplines/Tutorials/nextjs-tutorial/pages/posts/node_modules"]}
[17:57:25.414] Finished typings discovery: {"cachedTypingPaths":[],"newTypingNames":[],"filesToWatch":["/home/euki/Disciplines/Tutorials/nextjs-tutorial/pages/posts/bower_components","/home/euki/Disciplines/Tutorials/nextjs-tutorial/pages/posts/node_modules"]}
[17:57:25.414] Sending response:
    {"projectName":"/dev/null/inferredProject2*","typeAcquisition":{"enable":true,"include":[],"exclude":[]},"compilerOptions":{"module":1,"target":3,"jsx":1,"allowJs":true,"allowSyntheticDefaultImports":true,"allowNonTsExtensions":true,"noEmitForJsFiles":true,"maxNodeModuleJsDepth":2},"typings":[],"kind":"action::set"}
[17:57:25.414] Response has been sent.
[17:57:25.414] No new typings were requested as a result of typings discovery
