[17:49:49.347] Global cache location '/home/euki/.cache/typescript/4.5', safe file path '/home/euki/.fnm/node-versions/v16.3.0/installation/lib/node_modules/typescript/lib/typingSafeList.json', types map path /home/euki/.fnm/node-versions/v16.3.0/installation/lib/node_modules/typescript/lib/typesMap.json
[17:49:49.348] Processing cache location '/home/euki/.cache/typescript/4.5'
[17:49:49.348] Trying to find '/home/euki/.cache/typescript/4.5/package.json'...
[17:49:49.349] Loaded content of '/home/euki/.cache/typescript/4.5/package.json': {"private":true,"dependencies":{"types-registry":"^0.1.576"}}
[17:49:49.349] Loaded content of '/home/euki/.cache/typescript/4.5/package-lock.json'
[17:49:49.349] Finished processing cache location '/home/euki/.cache/typescript/4.5'
[17:49:49.349] Process id: 56621
[17:49:49.349] NPM location: /home/euki/.fnm/node-versions/v16.3.0/installation/bin/npm (explicit '--npmLocation' not  provided)
[17:49:49.349] validateDefaultNpmLocation: false
[17:49:49.349] Npm config file: /home/euki/.cache/typescript/4.5/package.json
[17:49:49.349] Updating types-registry npm package...
[17:49:49.350] Exec: /home/euki/.fnm/node-versions/v16.3.0/installation/bin/npm install --ignore-scripts types-registry@latest
[17:49:50.097]     Succeeded. stdout:
    
    up to date, audited 2 packages in 576ms

found 0 vulnerabilities

[17:49:50.097] Updated types-registry npm package
[17:49:51.270] Got install request {"projectName":"/dev/null/inferredProject1*","fileNames":["/home/euki/.fnm/node-versions/v16.3.0/installation/lib/node_modules/typescript/lib/lib.es5.d.ts","/home/euki/.fnm/node-versions/v16.3.0/installation/lib/node_modules/typescript/lib/lib.es2015.d.ts","/home/euki/.fnm/node-versions/v16.3.0/installation/lib/node_modules/typescript/lib/lib.es2016.d.ts","/home/euki/.fnm/node-versions/v16.3.0/installation/lib/node_modules/typescript/lib/lib.dom.d.ts","/home/euki/.fnm/node-versions/v16.3.0/installation/lib/node_modules/typescript/lib/lib.dom.iterable.d.ts","/home/euki/.fnm/node-versions/v16.3.0/installation/lib/node_modules/typescript/lib/lib.webworker.importscripts.d.ts","/home/euki/.fnm/node-versions/v16.3.0/installation/lib/node_modules/typescript/lib/lib.scripthost.d.ts","/home/euki/.fnm/node-versions/v16.3.0/installation/lib/node_modules/typescript/lib/lib.es2015.core.d.ts","/home/euki/.fnm/node-versions/v16.3.0/installation/lib/node_modules/typescript/lib/lib.es2015.collection.d.ts","/home/euki/.fnm/node-versions/v16.3.0/installation/lib/node_modules/typescript/lib/lib.es2015.generator.d.ts","/home/euki/.fnm/node-versions/v16.3.0/installation/lib/node_modules/typescript/lib/lib.es2015.iterable.d.ts","/home/euki/.fnm/node-versions/v16.3.0/installation/lib/node_modules/typescript/lib/lib.es2015.promise.d.ts","/home/euki/.fnm/node-versions/v16.3.0/installation/lib/node_modules/typescript/lib/lib.es2015.proxy.d.ts","/home/euki/.fnm/node-versions/v16.3.0/installation/lib/node_modules/typescript/lib/lib.es2015.reflect.d.ts","/home/euki/.fnm/node-versions/v16.3.0/installation/lib/node_modules/typescript/lib/lib.es2015.symbol.d.ts","/home/euki/.fnm/node-versions/v16.3.0/installation/lib/node_modules/typescript/lib/lib.es2015.symbol.wellknown.d.ts","/home/euki/.fnm/node-versions/v16.3.0/installation/lib/node_modules/typescript/lib/lib.es2016.array.include.d.ts","/home/euki/.fnm/node-versions/v16.3.0/installation/lib/node_modules/typescript/lib/lib.es2016.full.d.ts","/home/euki/Disciplines/Tutorials/nextjs-tutorial/pages/index.js"],"compilerOptions":{"module":1,"target":3,"jsx":1,"allowJs":true,"allowSyntheticDefaultImports":true,"allowNonTsExtensions":true,"noEmitForJsFiles":true,"maxNodeModuleJsDepth":2},"typeAcquisition":{"enable":true,"include":[],"exclude":[]},"unresolvedImports":["react"],"projectRootPath":"/home/euki/Disciplines/Tutorials/nextjs-tutorial/pages","kind":"discover"}
[17:49:51.291] Loaded safelist from types map file '/home/euki/.fnm/node-versions/v16.3.0/installation/lib/node_modules/typescript/lib/typesMap.json'
[17:49:51.291] Explicitly included types: []
[17:49:51.292] Inferred typings from unresolved imports: ["react"]
[17:49:51.292] Result: {"cachedTypingPaths":[],"newTypingNames":["react"],"filesToWatch":["/home/euki/Disciplines/Tutorials/nextjs-tutorial/pages/bower_components","/home/euki/Disciplines/Tutorials/nextjs-tutorial/pages/node_modules"]}
[17:49:51.292] Finished typings discovery: {"cachedTypingPaths":[],"newTypingNames":["react"],"filesToWatch":["/home/euki/Disciplines/Tutorials/nextjs-tutorial/pages/bower_components","/home/euki/Disciplines/Tutorials/nextjs-tutorial/pages/node_modules"]}
[17:49:51.292] DirectoryWatcher:: Added:: WatchInfo: /home/euki/Disciplines/Tutorials/nextjs-tutorial/pages/bower_components
[17:49:51.293] DirectoryWatcher:: Added:: WatchInfo: /home/euki/Disciplines/Tutorials/nextjs-tutorial/pages/bower_components 1 undefined Project: /dev/null/inferredProject1* watcher already invoked: false
[17:49:51.294] Elapsed:: 1.2588450014591217ms DirectoryWatcher:: Added:: WatchInfo: /home/euki/Disciplines/Tutorials/nextjs-tutorial/pages/bower_components 1 undefined Project: /dev/null/inferredProject1* watcher already invoked: false
[17:49:51.294] DirectoryWatcher:: Added:: WatchInfo: /home/euki/Disciplines/Tutorials/nextjs-tutorial/pages/node_modules
[17:49:51.294] DirectoryWatcher:: Added:: WatchInfo: /home/euki/Disciplines/Tutorials/nextjs-tutorial/pages/node_modules 1 undefined Project: /dev/null/inferredProject1* watcher already invoked: false
[17:49:51.294] Elapsed:: 0.09539199620485306ms DirectoryWatcher:: Added:: WatchInfo: /home/euki/Disciplines/Tutorials/nextjs-tutorial/pages/node_modules 1 undefined Project: /dev/null/inferredProject1* watcher already invoked: false
[17:49:51.294] Installing typings ["react"]
[17:49:51.295] Npm config file: /home/euki/.cache/typescript/4.5/package.json
[17:49:51.295] Sending response:
    {"kind":"event::beginInstallTypes","eventId":1,"typingsInstallerVersion":"4.5.5","projectName":"/dev/null/inferredProject1*"}
[17:49:51.295] Response has been sent.
[17:49:51.295] #1 with arguments'["@types/react@ts4.5"]'.
[17:49:51.295] Exec: /home/euki/.fnm/node-versions/v16.3.0/installation/bin/npm install --ignore-scripts @types/react@ts4.5 --save-dev --user-agent="typesInstaller/4.5.5"
[17:49:52.226]     Succeeded. stdout:
    
    added 4 packages, and audited 6 packages in 768ms

found 0 vulnerabilities

[17:49:52.226] npm install #1 took: 931 ms
[17:49:52.226] Installed typings ["@types/react@ts4.5"]
[17:49:52.233] Installed typing files ["/home/euki/.cache/typescript/4.5/node_modules/@types/react/index.d.ts"]
[17:49:52.233] Sending response:
    {"projectName":"/dev/null/inferredProject1*","typeAcquisition":{"enable":true,"include":[],"exclude":[]},"compilerOptions":{"module":1,"target":3,"jsx":1,"allowJs":true,"allowSyntheticDefaultImports":true,"allowNonTsExtensions":true,"noEmitForJsFiles":true,"maxNodeModuleJsDepth":2},"typings":["/home/euki/.cache/typescript/4.5/node_modules/@types/react/index.d.ts"],"unresolvedImports":["react"],"kind":"action::set"}
[17:49:52.233] Response has been sent.
[17:49:52.233] Sending response:
    {"kind":"event::endInstallTypes","eventId":1,"projectName":"/dev/null/inferredProject1*","packagesToInstall":["@types/react@ts4.5"],"installSuccess":true,"typingsInstallerVersion":"4.5.5"}
[17:49:52.234] Response has been sent.
[17:49:52.849] Got install request {"projectName":"/dev/null/inferredProject1*","fileNames":["/home/euki/.fnm/node-versions/v16.3.0/installation/lib/node_modules/typescript/lib/lib.es5.d.ts","/home/euki/.fnm/node-versions/v16.3.0/installation/lib/node_modules/typescript/lib/lib.es2015.d.ts","/home/euki/.fnm/node-versions/v16.3.0/installation/lib/node_modules/typescript/lib/lib.es2016.d.ts","/home/euki/.fnm/node-versions/v16.3.0/installation/lib/node_modules/typescript/lib/lib.dom.d.ts","/home/euki/.fnm/node-versions/v16.3.0/installation/lib/node_modules/typescript/lib/lib.dom.iterable.d.ts","/home/euki/.fnm/node-versions/v16.3.0/installation/lib/node_modules/typescript/lib/lib.webworker.importscripts.d.ts","/home/euki/.fnm/node-versions/v16.3.0/installation/lib/node_modules/typescript/lib/lib.scripthost.d.ts","/home/euki/.fnm/node-versions/v16.3.0/installation/lib/node_modules/typescript/lib/lib.es2015.core.d.ts","/home/euki/.fnm/node-versions/v16.3.0/installation/lib/node_modules/typescript/lib/lib.es2015.collection.d.ts","/home/euki/.fnm/node-versions/v16.3.0/installation/lib/node_modules/typescript/lib/lib.es2015.generator.d.ts","/home/euki/.fnm/node-versions/v16.3.0/installation/lib/node_modules/typescript/lib/lib.es2015.iterable.d.ts","/home/euki/.fnm/node-versions/v16.3.0/installation/lib/node_modules/typescript/lib/lib.es2015.promise.d.ts","/home/euki/.fnm/node-versions/v16.3.0/installation/lib/node_modules/typescript/lib/lib.es2015.proxy.d.ts","/home/euki/.fnm/node-versions/v16.3.0/installation/lib/node_modules/typescript/lib/lib.es2015.reflect.d.ts","/home/euki/.fnm/node-versions/v16.3.0/installation/lib/node_modules/typescript/lib/lib.es2015.symbol.d.ts","/home/euki/.fnm/node-versions/v16.3.0/installation/lib/node_modules/typescript/lib/lib.es2015.symbol.wellknown.d.ts","/home/euki/.fnm/node-versions/v16.3.0/installation/lib/node_modules/typescript/lib/lib.es2016.array.include.d.ts","/home/euki/.fnm/node-versions/v16.3.0/installation/lib/node_modules/typescript/lib/lib.es2016.full.d.ts","/home/euki/.cache/typescript/4.5/node_modules/@types/react/global.d.ts","/home/euki/.cache/typescript/4.5/node_modules/@types/react/index.d.ts","/home/euki/Disciplines/Tutorials/nextjs-tutorial/pages/index.js"],"compilerOptions":{"module":1,"target":3,"jsx":1,"allowJs":true,"allowSyntheticDefaultImports":true,"allowNonTsExtensions":true,"noEmitForJsFiles":true,"maxNodeModuleJsDepth":2},"typeAcquisition":{"enable":true,"include":[],"exclude":[]},"unresolvedImports":[],"projectRootPath":"/home/euki/Disciplines/Tutorials/nextjs-tutorial/pages","kind":"discover"}
[17:49:52.849] Explicitly included types: []
[17:49:52.849] Inferred typings from unresolved imports: []
[17:49:52.849] Result: {"cachedTypingPaths":[],"newTypingNames":[],"filesToWatch":["/home/euki/Disciplines/Tutorials/nextjs-tutorial/pages/bower_components","/home/euki/Disciplines/Tutorials/nextjs-tutorial/pages/node_modules"]}
[17:49:52.849] Finished typings discovery: {"cachedTypingPaths":[],"newTypingNames":[],"filesToWatch":["/home/euki/Disciplines/Tutorials/nextjs-tutorial/pages/bower_components","/home/euki/Disciplines/Tutorials/nextjs-tutorial/pages/node_modules"]}
[17:49:52.849] Sending response:
    {"projectName":"/dev/null/inferredProject1*","typeAcquisition":{"enable":true,"include":[],"exclude":[]},"compilerOptions":{"module":1,"target":3,"jsx":1,"allowJs":true,"allowSyntheticDefaultImports":true,"allowNonTsExtensions":true,"noEmitForJsFiles":true,"maxNodeModuleJsDepth":2},"typings":[],"unresolvedImports":[],"kind":"action::set"}
[17:49:52.849] Response has been sent.
[17:49:52.849] No new typings were requested as a result of typings discovery
[17:49:53.279] Got install request {"projectName":"/dev/null/inferredProject1*","fileNames":["/home/euki/.fnm/node-versions/v16.3.0/installation/lib/node_modules/typescript/lib/lib.es5.d.ts","/home/euki/.fnm/node-versions/v16.3.0/installation/lib/node_modules/typescript/lib/lib.es2015.d.ts","/home/euki/.fnm/node-versions/v16.3.0/installation/lib/node_modules/typescript/lib/lib.es2016.d.ts","/home/euki/.fnm/node-versions/v16.3.0/installation/lib/node_modules/typescript/lib/lib.dom.d.ts","/home/euki/.fnm/node-versions/v16.3.0/installation/lib/node_modules/typescript/lib/lib.dom.iterable.d.ts","/home/euki/.fnm/node-versions/v16.3.0/installation/lib/node_modules/typescript/lib/lib.webworker.importscripts.d.ts","/home/euki/.fnm/node-versions/v16.3.0/installation/lib/node_modules/typescript/lib/lib.scripthost.d.ts","/home/euki/.fnm/node-versions/v16.3.0/installation/lib/node_modules/typescript/lib/lib.es2015.core.d.ts","/home/euki/.fnm/node-versions/v16.3.0/installation/lib/node_modules/typescript/lib/lib.es2015.collection.d.ts","/home/euki/.fnm/node-versions/v16.3.0/installation/lib/node_modules/typescript/lib/lib.es2015.generator.d.ts","/home/euki/.fnm/node-versions/v16.3.0/installation/lib/node_modules/typescript/lib/lib.es2015.iterable.d.ts","/home/euki/.fnm/node-versions/v16.3.0/installation/lib/node_modules/typescript/lib/lib.es2015.promise.d.ts","/home/euki/.fnm/node-versions/v16.3.0/installation/lib/node_modules/typescript/lib/lib.es2015.proxy.d.ts","/home/euki/.fnm/node-versions/v16.3.0/installation/lib/node_modules/typescript/lib/lib.es2015.reflect.d.ts","/home/euki/.fnm/node-versions/v16.3.0/installation/lib/node_modules/typescript/lib/lib.es2015.symbol.d.ts","/home/euki/.fnm/node-versions/v16.3.0/installation/lib/node_modules/typescript/lib/lib.es2015.symbol.wellknown.d.ts","/home/euki/.fnm/node-versions/v16.3.0/installation/lib/node_modules/typescript/lib/lib.es2016.array.include.d.ts","/home/euki/.fnm/node-versions/v16.3.0/installation/lib/node_modules/typescript/lib/lib.es2016.full.d.ts","/home/euki/Disciplines/Tutorials/nextjs-tutorial/pages/index.js"],"compilerOptions":{"module":1,"target":3,"jsx":1,"allowJs":true,"allowSyntheticDefaultImports":true,"allowNonTsExtensions":true,"noEmitForJsFiles":true,"maxNodeModuleJsDepth":2},"typeAcquisition":{"enable":true,"include":[],"exclude":[]},"unresolvedImports":[],"projectRootPath":"/home/euki/Disciplines/Tutorials/nextjs-tutorial/pages","kind":"discover"}
[17:49:53.279] Explicitly included types: []
[17:49:53.280] Inferred typings from unresolved imports: []
[17:49:53.280] Result: {"cachedTypingPaths":[],"newTypingNames":[],"filesToWatch":["/home/euki/Disciplines/Tutorials/nextjs-tutorial/pages/bower_components","/home/euki/Disciplines/Tutorials/nextjs-tutorial/pages/node_modules"]}
[17:49:53.280] Finished typings discovery: {"cachedTypingPaths":[],"newTypingNames":[],"filesToWatch":["/home/euki/Disciplines/Tutorials/nextjs-tutorial/pages/bower_components","/home/euki/Disciplines/Tutorials/nextjs-tutorial/pages/node_modules"]}
[17:49:53.281] Sending response:
    {"projectName":"/dev/null/inferredProject1*","typeAcquisition":{"enable":true,"include":[],"exclude":[]},"compilerOptions":{"module":1,"target":3,"jsx":1,"allowJs":true,"allowSyntheticDefaultImports":true,"allowNonTsExtensions":true,"noEmitForJsFiles":true,"maxNodeModuleJsDepth":2},"typings":[],"unresolvedImports":[],"kind":"action::set"}
[17:49:53.281] Response has been sent.
[17:49:53.281] No new typings were requested as a result of typings discovery
[17:49:59.936] Got install request {"projectName":"/dev/null/inferredProject1*","fileNames":["/home/euki/.fnm/node-versions/v16.3.0/installation/lib/node_modules/typescript/lib/lib.es5.d.ts","/home/euki/.fnm/node-versions/v16.3.0/installation/lib/node_modules/typescript/lib/lib.es2015.d.ts","/home/euki/.fnm/node-versions/v16.3.0/installation/lib/node_modules/typescript/lib/lib.es2016.d.ts","/home/euki/.fnm/node-versions/v16.3.0/installation/lib/node_modules/typescript/lib/lib.dom.d.ts","/home/euki/.fnm/node-versions/v16.3.0/installation/lib/node_modules/typescript/lib/lib.dom.iterable.d.ts","/home/euki/.fnm/node-versions/v16.3.0/installation/lib/node_modules/typescript/lib/lib.webworker.importscripts.d.ts","/home/euki/.fnm/node-versions/v16.3.0/installation/lib/node_modules/typescript/lib/lib.scripthost.d.ts","/home/euki/.fnm/node-versions/v16.3.0/installation/lib/node_modules/typescript/lib/lib.es2015.core.d.ts","/home/euki/.fnm/node-versions/v16.3.0/installation/lib/node_modules/typescript/lib/lib.es2015.collection.d.ts","/home/euki/.fnm/node-versions/v16.3.0/installation/lib/node_modules/typescript/lib/lib.es2015.generator.d.ts","/home/euki/.fnm/node-versions/v16.3.0/installation/lib/node_modules/typescript/lib/lib.es2015.iterable.d.ts","/home/euki/.fnm/node-versions/v16.3.0/installation/lib/node_modules/typescript/lib/lib.es2015.promise.d.ts","/home/euki/.fnm/node-versions/v16.3.0/installation/lib/node_modules/typescript/lib/lib.es2015.proxy.d.ts","/home/euki/.fnm/node-versions/v16.3.0/installation/lib/node_modules/typescript/lib/lib.es2015.reflect.d.ts","/home/euki/.fnm/node-versions/v16.3.0/installation/lib/node_modules/typescript/lib/lib.es2015.symbol.d.ts","/home/euki/.fnm/node-versions/v16.3.0/installation/lib/node_modules/typescript/lib/lib.es2015.symbol.wellknown.d.ts","/home/euki/.fnm/node-versions/v16.3.0/installation/lib/node_modules/typescript/lib/lib.es2016.array.include.d.ts","/home/euki/.fnm/node-versions/v16.3.0/installation/lib/node_modules/typescript/lib/lib.es2016.full.d.ts","/home/euki/Disciplines/Tutorials/nextjs-tutorial/pages/index.js"],"compilerOptions":{"module":1,"target":3,"jsx":1,"allowJs":true,"allowSyntheticDefaultImports":true,"allowNonTsExtensions":true,"noEmitForJsFiles":true,"maxNodeModuleJsDepth":2},"typeAcquisition":{"enable":true,"include":[],"exclude":[]},"projectRootPath":"/home/euki/Disciplines/Tutorials/nextjs-tutorial/pages","kind":"discover"}
[17:49:59.937] Explicitly included types: []
[17:49:59.937] Result: {"cachedTypingPaths":[],"newTypingNames":[],"filesToWatch":["/home/euki/Disciplines/Tutorials/nextjs-tutorial/pages/bower_components","/home/euki/Disciplines/Tutorials/nextjs-tutorial/pages/node_modules"]}
[17:49:59.937] Finished typings discovery: {"cachedTypingPaths":[],"newTypingNames":[],"filesToWatch":["/home/euki/Disciplines/Tutorials/nextjs-tutorial/pages/bower_components","/home/euki/Disciplines/Tutorials/nextjs-tutorial/pages/node_modules"]}
[17:49:59.937] Sending response:
    {"projectName":"/dev/null/inferredProject1*","typeAcquisition":{"enable":true,"include":[],"exclude":[]},"compilerOptions":{"module":1,"target":3,"jsx":1,"allowJs":true,"allowSyntheticDefaultImports":true,"allowNonTsExtensions":true,"noEmitForJsFiles":true,"maxNodeModuleJsDepth":2},"typings":[],"kind":"action::set"}
[17:49:59.937] Response has been sent.
[17:49:59.937] No new typings were requested as a result of typings discovery
[17:50:00.244] Got install request {"projectName":"/dev/null/inferredProject1*","fileNames":["/home/euki/.fnm/node-versions/v16.3.0/installation/lib/node_modules/typescript/lib/lib.es5.d.ts","/home/euki/.fnm/node-versions/v16.3.0/installation/lib/node_modules/typescript/lib/lib.es2015.d.ts","/home/euki/.fnm/node-versions/v16.3.0/installation/lib/node_modules/typescript/lib/lib.es2016.d.ts","/home/euki/.fnm/node-versions/v16.3.0/installation/lib/node_modules/typescript/lib/lib.dom.d.ts","/home/euki/.fnm/node-versions/v16.3.0/installation/lib/node_modules/typescript/lib/lib.dom.iterable.d.ts","/home/euki/.fnm/node-versions/v16.3.0/installation/lib/node_modules/typescript/lib/lib.webworker.importscripts.d.ts","/home/euki/.fnm/node-versions/v16.3.0/installation/lib/node_modules/typescript/lib/lib.scripthost.d.ts","/home/euki/.fnm/node-versions/v16.3.0/installation/lib/node_modules/typescript/lib/lib.es2015.core.d.ts","/home/euki/.fnm/node-versions/v16.3.0/installation/lib/node_modules/typescript/lib/lib.es2015.collection.d.ts","/home/euki/.fnm/node-versions/v16.3.0/installation/lib/node_modules/typescript/lib/lib.es2015.generator.d.ts","/home/euki/.fnm/node-versions/v16.3.0/installation/lib/node_modules/typescript/lib/lib.es2015.iterable.d.ts","/home/euki/.fnm/node-versions/v16.3.0/installation/lib/node_modules/typescript/lib/lib.es2015.promise.d.ts","/home/euki/.fnm/node-versions/v16.3.0/installation/lib/node_modules/typescript/lib/lib.es2015.proxy.d.ts","/home/euki/.fnm/node-versions/v16.3.0/installation/lib/node_modules/typescript/lib/lib.es2015.reflect.d.ts","/home/euki/.fnm/node-versions/v16.3.0/installation/lib/node_modules/typescript/lib/lib.es2015.symbol.d.ts","/home/euki/.fnm/node-versions/v16.3.0/installation/lib/node_modules/typescript/lib/lib.es2015.symbol.wellknown.d.ts","/home/euki/.fnm/node-versions/v16.3.0/installation/lib/node_modules/typescript/lib/lib.es2016.array.include.d.ts","/home/euki/.fnm/node-versions/v16.3.0/installation/lib/node_modules/typescript/lib/lib.es2016.full.d.ts","/home/euki/Disciplines/Tutorials/nextjs-tutorial/pages/index.js"],"compilerOptions":{"module":1,"target":3,"jsx":1,"allowJs":true,"allowSyntheticDefaultImports":true,"allowNonTsExtensions":true,"noEmitForJsFiles":true,"maxNodeModuleJsDepth":2},"typeAcquisition":{"enable":true,"include":[],"exclude":[]},"unresolvedImports":[],"projectRootPath":"/home/euki/Disciplines/Tutorials/nextjs-tutorial/pages","kind":"discover"}
[17:50:00.244] Explicitly included types: []
[17:50:00.244] Inferred typings from unresolved imports: []
[17:50:00.244] Result: {"cachedTypingPaths":[],"newTypingNames":[],"filesToWatch":["/home/euki/Disciplines/Tutorials/nextjs-tutorial/pages/bower_components","/home/euki/Disciplines/Tutorials/nextjs-tutorial/pages/node_modules"]}
[17:50:00.244] Finished typings discovery: {"cachedTypingPaths":[],"newTypingNames":[],"filesToWatch":["/home/euki/Disciplines/Tutorials/nextjs-tutorial/pages/bower_components","/home/euki/Disciplines/Tutorials/nextjs-tutorial/pages/node_modules"]}
[17:50:00.244] Sending response:
    {"projectName":"/dev/null/inferredProject1*","typeAcquisition":{"enable":true,"include":[],"exclude":[]},"compilerOptions":{"module":1,"target":3,"jsx":1,"allowJs":true,"allowSyntheticDefaultImports":true,"allowNonTsExtensions":true,"noEmitForJsFiles":true,"maxNodeModuleJsDepth":2},"typings":[],"unresolvedImports":[],"kind":"action::set"}
[17:50:00.244] Response has been sent.
[17:50:00.244] No new typings were requested as a result of typings discovery
[17:50:08.312] Got install request {"projectName":"/dev/null/inferredProject1*","fileNames":["/home/euki/.fnm/node-versions/v16.3.0/installation/lib/node_modules/typescript/lib/lib.es5.d.ts","/home/euki/.fnm/node-versions/v16.3.0/installation/lib/node_modules/typescript/lib/lib.es2015.d.ts","/home/euki/.fnm/node-versions/v16.3.0/installation/lib/node_modules/typescript/lib/lib.es2016.d.ts","/home/euki/.fnm/node-versions/v16.3.0/installation/lib/node_modules/typescript/lib/lib.dom.d.ts","/home/euki/.fnm/node-versions/v16.3.0/installation/lib/node_modules/typescript/lib/lib.dom.iterable.d.ts","/home/euki/.fnm/node-versions/v16.3.0/installation/lib/node_modules/typescript/lib/lib.webworker.importscripts.d.ts","/home/euki/.fnm/node-versions/v16.3.0/installation/lib/node_modules/typescript/lib/lib.scripthost.d.ts","/home/euki/.fnm/node-versions/v16.3.0/installation/lib/node_modules/typescript/lib/lib.es2015.core.d.ts","/home/euki/.fnm/node-versions/v16.3.0/installation/lib/node_modules/typescript/lib/lib.es2015.collection.d.ts","/home/euki/.fnm/node-versions/v16.3.0/installation/lib/node_modules/typescript/lib/lib.es2015.generator.d.ts","/home/euki/.fnm/node-versions/v16.3.0/installation/lib/node_modules/typescript/lib/lib.es2015.iterable.d.ts","/home/euki/.fnm/node-versions/v16.3.0/installation/lib/node_modules/typescript/lib/lib.es2015.promise.d.ts","/home/euki/.fnm/node-versions/v16.3.0/installation/lib/node_modules/typescript/lib/lib.es2015.proxy.d.ts","/home/euki/.fnm/node-versions/v16.3.0/installation/lib/node_modules/typescript/lib/lib.es2015.reflect.d.ts","/home/euki/.fnm/node-versions/v16.3.0/installation/lib/node_modules/typescript/lib/lib.es2015.symbol.d.ts","/home/euki/.fnm/node-versions/v16.3.0/installation/lib/node_modules/typescript/lib/lib.es2015.symbol.wellknown.d.ts","/home/euki/.fnm/node-versions/v16.3.0/installation/lib/node_modules/typescript/lib/lib.es2016.array.include.d.ts","/home/euki/.fnm/node-versions/v16.3.0/installation/lib/node_modules/typescript/lib/lib.es2016.full.d.ts","/home/euki/Disciplines/Tutorials/nextjs-tutorial/pages/index.js"],"compilerOptions":{"module":1,"target":3,"jsx":1,"allowJs":true,"allowSyntheticDefaultImports":true,"allowNonTsExtensions":true,"noEmitForJsFiles":true,"maxNodeModuleJsDepth":2},"typeAcquisition":{"enable":true,"include":[],"exclude":[]},"unresolvedImports":[],"projectRootPath":"/home/euki/Disciplines/Tutorials/nextjs-tutorial/pages","kind":"discover"}
[17:50:08.312] Explicitly included types: []
[17:50:08.312] Inferred typings from unresolved imports: []
[17:50:08.312] Result: {"cachedTypingPaths":[],"newTypingNames":[],"filesToWatch":["/home/euki/Disciplines/Tutorials/nextjs-tutorial/pages/bower_components","/home/euki/Disciplines/Tutorials/nextjs-tutorial/pages/node_modules"]}
[17:50:08.313] Finished typings discovery: {"cachedTypingPaths":[],"newTypingNames":[],"filesToWatch":["/home/euki/Disciplines/Tutorials/nextjs-tutorial/pages/bower_components","/home/euki/Disciplines/Tutorials/nextjs-tutorial/pages/node_modules"]}
[17:50:08.313] Sending response:
    {"projectName":"/dev/null/inferredProject1*","typeAcquisition":{"enable":true,"include":[],"exclude":[]},"compilerOptions":{"module":1,"target":3,"jsx":1,"allowJs":true,"allowSyntheticDefaultImports":true,"allowNonTsExtensions":true,"noEmitForJsFiles":true,"maxNodeModuleJsDepth":2},"typings":[],"unresolvedImports":[],"kind":"action::set"}
[17:50:08.313] Response has been sent.
[17:50:08.313] No new typings were requested as a result of typings discovery
[17:50:20.589] Got install request {"projectName":"/dev/null/inferredProject1*","fileNames":["/home/euki/.fnm/node-versions/v16.3.0/installation/lib/node_modules/typescript/lib/lib.es5.d.ts","/home/euki/.fnm/node-versions/v16.3.0/installation/lib/node_modules/typescript/lib/lib.es2015.d.ts","/home/euki/.fnm/node-versions/v16.3.0/installation/lib/node_modules/typescript/lib/lib.es2016.d.ts","/home/euki/.fnm/node-versions/v16.3.0/installation/lib/node_modules/typescript/lib/lib.dom.d.ts","/home/euki/.fnm/node-versions/v16.3.0/installation/lib/node_modules/typescript/lib/lib.dom.iterable.d.ts","/home/euki/.fnm/node-versions/v16.3.0/installation/lib/node_modules/typescript/lib/lib.webworker.importscripts.d.ts","/home/euki/.fnm/node-versions/v16.3.0/installation/lib/node_modules/typescript/lib/lib.scripthost.d.ts","/home/euki/.fnm/node-versions/v16.3.0/installation/lib/node_modules/typescript/lib/lib.es2015.core.d.ts","/home/euki/.fnm/node-versions/v16.3.0/installation/lib/node_modules/typescript/lib/lib.es2015.collection.d.ts","/home/euki/.fnm/node-versions/v16.3.0/installation/lib/node_modules/typescript/lib/lib.es2015.generator.d.ts","/home/euki/.fnm/node-versions/v16.3.0/installation/lib/node_modules/typescript/lib/lib.es2015.iterable.d.ts","/home/euki/.fnm/node-versions/v16.3.0/installation/lib/node_modules/typescript/lib/lib.es2015.promise.d.ts","/home/euki/.fnm/node-versions/v16.3.0/installation/lib/node_modules/typescript/lib/lib.es2015.proxy.d.ts","/home/euki/.fnm/node-versions/v16.3.0/installation/lib/node_modules/typescript/lib/lib.es2015.reflect.d.ts","/home/euki/.fnm/node-versions/v16.3.0/installation/lib/node_modules/typescript/lib/lib.es2015.symbol.d.ts","/home/euki/.fnm/node-versions/v16.3.0/installation/lib/node_modules/typescript/lib/lib.es2015.symbol.wellknown.d.ts","/home/euki/.fnm/node-versions/v16.3.0/installation/lib/node_modules/typescript/lib/lib.es2016.array.include.d.ts","/home/euki/.fnm/node-versions/v16.3.0/installation/lib/node_modules/typescript/lib/lib.es2016.full.d.ts","/home/euki/Disciplines/Tutorials/nextjs-tutorial/pages/index.js"],"compilerOptions":{"module":1,"target":3,"jsx":1,"allowJs":true,"allowSyntheticDefaultImports":true,"allowNonTsExtensions":true,"noEmitForJsFiles":true,"maxNodeModuleJsDepth":2},"typeAcquisition":{"enable":true,"include":[],"exclude":[]},"unresolvedImports":[],"projectRootPath":"/home/euki/Disciplines/Tutorials/nextjs-tutorial/pages","kind":"discover"}
[17:50:20.589] Explicitly included types: []
[17:50:20.589] Inferred typings from unresolved imports: []
[17:50:20.589] Result: {"cachedTypingPaths":[],"newTypingNames":[],"filesToWatch":["/home/euki/Disciplines/Tutorials/nextjs-tutorial/pages/bower_components","/home/euki/Disciplines/Tutorials/nextjs-tutorial/pages/node_modules"]}
[17:50:20.589] Finished typings discovery: {"cachedTypingPaths":[],"newTypingNames":[],"filesToWatch":["/home/euki/Disciplines/Tutorials/nextjs-tutorial/pages/bower_components","/home/euki/Disciplines/Tutorials/nextjs-tutorial/pages/node_modules"]}
[17:50:20.589] Sending response:
    {"projectName":"/dev/null/inferredProject1*","typeAcquisition":{"enable":true,"include":[],"exclude":[]},"compilerOptions":{"module":1,"target":3,"jsx":1,"allowJs":true,"allowSyntheticDefaultImports":true,"allowNonTsExtensions":true,"noEmitForJsFiles":true,"maxNodeModuleJsDepth":2},"typings":[],"unresolvedImports":[],"kind":"action::set"}
[17:50:20.589] Response has been sent.
[17:50:20.589] No new typings were requested as a result of typings discovery
[17:50:31.525] Got install request {"projectName":"/dev/null/inferredProject1*","fileNames":["/home/euki/.fnm/node-versions/v16.3.0/installation/lib/node_modules/typescript/lib/lib.es5.d.ts","/home/euki/.fnm/node-versions/v16.3.0/installation/lib/node_modules/typescript/lib/lib.es2015.d.ts","/home/euki/.fnm/node-versions/v16.3.0/installation/lib/node_modules/typescript/lib/lib.es2016.d.ts","/home/euki/.fnm/node-versions/v16.3.0/installation/lib/node_modules/typescript/lib/lib.dom.d.ts","/home/euki/.fnm/node-versions/v16.3.0/installation/lib/node_modules/typescript/lib/lib.dom.iterable.d.ts","/home/euki/.fnm/node-versions/v16.3.0/installation/lib/node_modules/typescript/lib/lib.webworker.importscripts.d.ts","/home/euki/.fnm/node-versions/v16.3.0/installation/lib/node_modules/typescript/lib/lib.scripthost.d.ts","/home/euki/.fnm/node-versions/v16.3.0/installation/lib/node_modules/typescript/lib/lib.es2015.core.d.ts","/home/euki/.fnm/node-versions/v16.3.0/installation/lib/node_modules/typescript/lib/lib.es2015.collection.d.ts","/home/euki/.fnm/node-versions/v16.3.0/installation/lib/node_modules/typescript/lib/lib.es2015.generator.d.ts","/home/euki/.fnm/node-versions/v16.3.0/installation/lib/node_modules/typescript/lib/lib.es2015.iterable.d.ts","/home/euki/.fnm/node-versions/v16.3.0/installation/lib/node_modules/typescript/lib/lib.es2015.promise.d.ts","/home/euki/.fnm/node-versions/v16.3.0/installation/lib/node_modules/typescript/lib/lib.es2015.proxy.d.ts","/home/euki/.fnm/node-versions/v16.3.0/installation/lib/node_modules/typescript/lib/lib.es2015.reflect.d.ts","/home/euki/.fnm/node-versions/v16.3.0/installation/lib/node_modules/typescript/lib/lib.es2015.symbol.d.ts","/home/euki/.fnm/node-versions/v16.3.0/installation/lib/node_modules/typescript/lib/lib.es2015.symbol.wellknown.d.ts","/home/euki/.fnm/node-versions/v16.3.0/installation/lib/node_modules/typescript/lib/lib.es2016.array.include.d.ts","/home/euki/.fnm/node-versions/v16.3.0/installation/lib/node_modules/typescript/lib/lib.es2016.full.d.ts","/home/euki/Disciplines/Tutorials/nextjs-tutorial/pages/index.js"],"compilerOptions":{"module":1,"target":3,"jsx":1,"allowJs":true,"allowSyntheticDefaultImports":true,"allowNonTsExtensions":true,"noEmitForJsFiles":true,"maxNodeModuleJsDepth":2},"typeAcquisition":{"enable":true,"include":[],"exclude":[]},"unresolvedImports":[],"projectRootPath":"/home/euki/Disciplines/Tutorials/nextjs-tutorial/pages","kind":"discover"}
[17:50:31.526] Explicitly included types: []
[17:50:31.526] Inferred typings from unresolved imports: []
[17:50:31.526] Result: {"cachedTypingPaths":[],"newTypingNames":[],"filesToWatch":["/home/euki/Disciplines/Tutorials/nextjs-tutorial/pages/bower_components","/home/euki/Disciplines/Tutorials/nextjs-tutorial/pages/node_modules"]}
[17:50:31.526] Finished typings discovery: {"cachedTypingPaths":[],"newTypingNames":[],"filesToWatch":["/home/euki/Disciplines/Tutorials/nextjs-tutorial/pages/bower_components","/home/euki/Disciplines/Tutorials/nextjs-tutorial/pages/node_modules"]}
[17:50:31.526] Sending response:
    {"projectName":"/dev/null/inferredProject1*","typeAcquisition":{"enable":true,"include":[],"exclude":[]},"compilerOptions":{"module":1,"target":3,"jsx":1,"allowJs":true,"allowSyntheticDefaultImports":true,"allowNonTsExtensions":true,"noEmitForJsFiles":true,"maxNodeModuleJsDepth":2},"typings":[],"unresolvedImports":[],"kind":"action::set"}
[17:50:31.526] Response has been sent.
[17:50:31.526] No new typings were requested as a result of typings discovery
